Num of names: 726043
../raw_8_K_filings/BIOSCIENCE NEUTRACEUTICALS INC-8K_filing.txt
RE for this file takes: 20.409142971
Num of companies detected:	1
Companies are: set(['FINANCIAL INDUSTRY REGULATORY AUTHORITY'])


../raw_8_K_filings/Vanda Pharmaceuticals Inc-8K_filing.txt
RE for this file takes: 15.6312198639
Num of companies detected:	1
Companies are: set(['VANDA PHARMACEUTICALS INC'])


../raw_8_K_filings/PREFERRED APARTMENT COMMUNITIES INC-8K_filing.txt
RE for this file takes: 19.4681868553
Num of companies detected:	1
Companies are: set(['PREFERRED APARTMENT COMMUNITIES'])


../raw_8_K_filings/COLONY BANKCORP INC-8K_filing.txt
RE for this file takes: 118.339606047
Num of companies detected:	1
Companies are: set(['CALUMET BANK'])


../raw_8_K_filings/PRICE T ROWE GROUP INC-8K_filing.txt
RE for this file takes: 22.3489718437
Num of companies detected:	1
Companies are: set(['T. ROWE PRICE GROUP'])


../raw_8_K_filings/KULICKE SOFFA INDUSTRIES INC-8K_filing.txt
RE for this file takes: 19.9775910378
Num of companies detected:	1
Companies are: set(['KULICKE AND SOFFA INDUSTRIES'])


../raw_8_K_filings/United States 12 Month Natural Gas Fund LP-8K_filing.txt
RE for this file takes: 21.7713060379
Num of companies detected:	1
Companies are: set(['NET ASSET'])


../raw_8_K_filings/Bain Capital Specialty Finance Inc-8K_filing.txt
RE for this file takes: 15.8334801197
Num of companies detected:	1
Companies are: set(['BAIN CAPITAL SPECIALTY FINANCE'])


../raw_8_K_filings/Midwest Energy Emissions Corp-8K_filing.txt
RE for this file takes: 31.8099000454
Num of companies detected:	1
Companies are: set(['MARCUM LLP'])


../raw_8_K_filings/Bridgeline Digital Inc-8K_filing.txt
RE for this file takes: 19.908427
Num of companies detected:	0
Companies are: set([])


../raw_8_K_filings/Medovex Corp-8K_filing.txt
RE for this file takes: 20.1094110012
Num of companies detected:	1
Companies are: set(['ISSUER DIRECT CORPORATION'])


../raw_8_K_filings/Zoompass Holdings Inc-8K_filing.txt
RE for this file takes: 17.8644390106
Num of companies detected:	0
Companies are: set([])


../raw_8_K_filings/Friendable Inc-8K_filing.txt
RE for this file takes: 30.8575270176
Num of companies detected:	0
Companies are: set([])


../raw_8_K_filings/MB FINANCIAL INC MD-8K_filing.txt
RE for this file takes: 32.2796370983
Num of companies detected:	1
Companies are: set(['FIFTH THIRD BANCORP'])


../raw_8_K_filings/GOLDMAN SACHS GROUP INC-8K_filing.txt
RE for this file takes: 21.9681200981
Num of companies detected:	0
Companies are: set([])


../raw_8_K_filings/ALLSTATE CORP-8K_filing.txt
RE for this file takes: 16.8826210499
Num of companies detected:	0
Companies are: set([])


../raw_8_K_filings/SEALED AIR CORP DE-8K_filing.txt
RE for this file takes: 31.2149817944
Num of companies detected:	1
Companies are: set(['SEALED AIR CORPORATION'])


../raw_8_K_filings/Senseonics Holdings Inc-8K_filing.txt
RE for this file takes: 17.9267859459
Num of companies detected:	0
Companies are: set([])


../raw_8_K_filings/FEDERAL SIGNAL CORP DE-8K_filing.txt
RE for this file takes: 18.3552610874
Num of companies detected:	1
Companies are: set(['FEDERAL SIGNAL CORPORATION'])


../raw_8_K_filings/ZION OIL GAS INC-8K_filing.txt
RE for this file takes: 45.7121047974
Num of companies detected:	2
Companies are: set(['AMERICAN STOCK TRANSFER & TRUST', 'ZION OIL & GAS'])


../raw_8_K_filings/Pacific Coast Oil Trust-8K_filing.txt
RE for this file takes: 16.7293140888
Num of companies detected:	1
Companies are: set(['PACIFIC COAST OIL TRUST'])


../raw_8_K_filings/TRIBUNE MEDIA CO-8K_filing.txt
RE for this file takes: 50.419631958
Num of companies detected:	2
Companies are: set(['SINCLAIR BROADCAST GROUP', 'TRIBUNE MEDIA COMPANY'])


../raw_8_K_filings/FS KKR Capital Corp-8K_filing.txt
RE for this file takes: 54.5812878609
Num of companies detected:	1
Companies are: set(['FS KKR CAPITAL'])


../raw_8_K_filings/SCHOLASTIC CORP-8K_filing.txt
RE for this file takes: 18.631551981
Num of companies detected:	1
Companies are: set(['SCHOLASTIC CORPORATION'])


../raw_8_K_filings/Transocean Ltd-8K_filing.txt
RE for this file takes: 34.6626739502
Num of companies detected:	1
Companies are: set(['TRANSOCEAN LTD'])


../raw_8_K_filings/PERKINELMER INC-8K_filing.txt
RE for this file takes: 43.6746780872
Num of companies detected:	0
Companies are: set([])


../raw_8_K_filings/Spirit AeroSystems Holdings Inc-8K_filing.txt
RE for this file takes: 51.6347708702
Num of companies detected:	3
Companies are: set(['POWER GENERATION SERVICES', 'SPIRIT AEROSYSTEMS HOLDINGS', 'GENERAL ELECTRIC COMPANY'])


../raw_8_K_filings/Inspired Entertainment Inc-8K_filing.txt
RE for this file takes: 18.3805792332
Num of companies detected:	0
Companies are: set([])


../raw_8_K_filings/Sharing Services Inc-8K_filing.txt
RE for this file takes: 29.7042689323
Num of companies detected:	0
Companies are: set([])


../raw_8_K_filings/SPARTAN MOTORS INC-8K_filing.txt
RE for this file takes: 16.4128551483
Num of companies detected:	0
Companies are: set([])


../raw_8_K_filings/INCOME OPPORTUNITY REALTY INVESTORS INC TX-8K_filing.txt
RE for this file takes: 22.0499510765
Num of companies detected:	2
Companies are: set(['ON THE RECORD', 'INCOME OPPORTUNITY REALTY INVESTORS'])


../raw_8_K_filings/DURECT CORP-8K_filing.txt
RE for this file takes: 19.258918047
Num of companies detected:	1
Companies are: set(['DURECT CORPORATION'])


../raw_8_K_filings/CAMBIUM LEARNING GROUP INC-8K_filing.txt
RE for this file takes: 50.6579549313
Num of companies detected:	5
Companies are: set(['BANK OF MONTREAL', 'DEUTSCHE BANK AG', 'CAMBIUM LEARNING GROUP', 'ROYAL BANK OF CANADA', 'VERITAS CAPITAL FUND MANAGEMENT'])


../raw_8_K_filings/Premier Inc-8K_filing.txt
RE for this file takes: 40.3354351521
Num of companies detected:	0
Companies are: set([])


../raw_8_K_filings/EnLink Midstream Partners LP-8K_filing.txt
RE for this file takes: 36.3104009628
Num of companies detected:	3
Companies are: set(['BANK OF AMERICA', 'BANK OF MONTREAL', 'ROYAL BANK OF CANADA'])


../raw_8_K_filings/APPIAN CORP-8K_filing.txt
RE for this file takes: 20.3143508434
Num of companies detected:	1
Companies are: set(['APPIAN CORPORATION'])


../raw_8_K_filings/Pandora Media Inc-8K_filing.txt
RE for this file takes: 66.5087430477
Num of companies detected:	2
Companies are: set(['SIRIUS XM HOLDINGS', 'ACQUISITION CORP'])


../raw_8_K_filings/DROPBOX INC-8K_filing.txt
RE for this file takes: 22.2428760529
Num of companies detected:	0
Companies are: set([])


../raw_8_K_filings/Beneficial Bancorp Inc-8K_filing.txt
RE for this file takes: 22.084800005
Num of companies detected:	1
Companies are: set(['WSFS FINANCIAL CORPORATION'])


../raw_8_K_filings/PENSKE AUTOMOTIVE GROUP INC-8K_filing.txt
RE for this file takes: 84.7600901127
Num of companies detected:	4
Companies are: set(['PENSKE VEHICLE SERVICES', 'INTERNATIONAL BUSINESS DEVELOPMENT', 'PENSKE AUTOMOTIVE GROUP', 'HOLDINGS LLC'])


../raw_8_K_filings/Blue Apron Holdings Inc-8K_filing.txt
RE for this file takes: 16.7021210194
Num of companies detected:	1
Companies are: set(['BLUE APRON HOLDINGS'])


../raw_8_K_filings/MassRoots Inc-8K_filing.txt
RE for this file takes: 41.3453419209
Num of companies detected:	0
Companies are: set([])


../raw_8_K_filings/Cinedigm Corp-8K_filing.txt
RE for this file takes: 16.0954229832
Num of companies detected:	1
Companies are: set(['CINEDIGM CORP'])


../raw_8_K_filings/MICROVISION INC-8K_filing.txt
RE for this file takes: 27.2209210396
Num of companies detected:	0
Companies are: set([])


../raw_8_K_filings/CATERPILLAR INC-8K_filing.txt
RE for this file takes: 18.8088998795
Num of companies detected:	1
Companies are: set(['CATERPILLAR INC'])


../raw_8_K_filings/Quintana Energy Services Inc-8K_filing.txt
RE for this file takes: 18.4462029934
Num of companies detected:	1
Companies are: set(['QUINTANA ENERGY SERVICES'])


../raw_8_K_filings/ASSURED GUARANTY LTD-8K_filing.txt
RE for this file takes: 16.1616940498
Num of companies detected:	1
Companies are: set(['ASSURED GUARANTY LTD'])


../raw_8_K_filings/Omega Flex Inc-8K_filing.txt
RE for this file takes: 24.2669379711
Num of companies detected:	0
Companies are: set([])


../raw_8_K_filings/DEERE CO-8K_filing.txt
RE for this file takes: 22.4919819832
Num of companies detected:	0
Companies are: set([])


../raw_8_K_filings/CITIGROUP COMMERCIAL MORTGAGE TRUST 2018 C6-8K_filing.txt
RE for this file takes: 92.4415631294
Num of companies detected:	4
Companies are: set(['GLOBAL MARKETS INC', 'MIDLAND LOAN SERVICES', 'CITIGROUP COMMERCIAL MORTGAGE TRUST', 'REAL ESTATE FUNDING'])


../raw_8_K_filings/Select Notes Trust LT 2004 1-8K_filing.txt
RE for this file takes: 40.2260308266
Num of companies detected:	1
Companies are: set(['SELECT NOTES TRUST'])


../raw_8_K_filings/Cosmos Holdings Inc-8K_filing.txt
RE for this file takes: 34.8384480476
Num of companies detected:	0
Companies are: set([])


../raw_8_K_filings/Tecnoglass Inc-8K_filing.txt
RE for this file takes: 17.9728908539
Num of companies detected:	1
Companies are: set(['TECNOGLASS INC'])


../raw_8_K_filings/GEE Group Inc-8K_filing.txt
RE for this file takes: 14.0473241806
Num of companies detected:	1
Companies are: set(['GEE GROUP INC'])


../raw_8_K_filings/HAIN CELESTIAL GROUP INC-8K_filing.txt
RE for this file takes: 32.4586269855
Num of companies detected:	1
Companies are: set(['THE HAIN CELESTIAL GROUP'])


../raw_8_K_filings/KAANAPALI LAND LLC-8K_filing.txt
RE for this file takes: 27.5288491249
Num of companies detected:	1
Companies are: set(['PACIFIC TRAIL HOLDINGS'])


../raw_8_K_filings/Southwest Gas Holdings Inc-8K_filing.txt
RE for this file takes: 18.0633051395
Num of companies detected:	1
Companies are: set(['SOUTHWEST GAS HOLDINGS'])


../raw_8_K_filings/AMERICAN RIVER BANKSHARES-8K_filing.txt
RE for this file takes: 27.7557990551
Num of companies detected:	1
Companies are: set(['AMERICAN RIVER BANKSHARES'])


../raw_8_K_filings/Carter Validus Mission Critical REIT Inc-8K_filing.txt
RE for this file takes: 17.8177850246
Num of companies detected:	2
Companies are: set(['NET ASSET', 'FOR THE RECORD'])


../raw_8_K_filings/Advanced Voice Recognition Systems Inc-8K_filing.txt
RE for this file takes: 29.9548718929
Num of companies detected:	1
Companies are: set(['MEYERS & ASSOCIATES'])


../raw_8_K_filings/FINJAN HOLDINGS INC-8K_filing.txt
RE for this file takes: 18.4988029003
Num of companies detected:	0
Companies are: set([])


../raw_8_K_filings/Life Clips Inc-8K_filing.txt
RE for this file takes: 26.530725956
Num of companies detected:	0
Companies are: set([])


../raw_8_K_filings/Shemn Corp-8K_filing.txt
RE for this file takes: 18.0447127819
Num of companies detected:	1
Companies are: set(['SHEMN CORP'])


../raw_8_K_filings/ENTRAVISION COMMUNICATIONS CORP-8K_filing.txt
RE for this file takes: 27.2453789711
Num of companies detected:	1
Companies are: set(['ENTRAVISION COMMUNICATIONS CORPORATION'])


../raw_8_K_filings/FINISAR CORP-8K_filing.txt
RE for this file takes: 19.2793569565
Num of companies detected:	2
Companies are: set(['MOFFETT PARK DRIVE', 'FINISAR CORPORATION'])


../raw_8_K_filings/PURE BIOSCIENCE INC-8K_filing.txt
RE for this file takes: 20.226692915
Num of companies detected:	0
Companies are: set([])


../raw_8_K_filings/EASTMAN CHEMICAL CO-8K_filing.txt
RE for this file takes: 36.2935619354
Num of companies detected:	1
Companies are: set(['EASTMAN CHEMICAL COMPANY'])


../raw_8_K_filings/Madison Square Garden Co-8K_filing.txt
RE for this file takes: 16.9731359482
Num of companies detected:	2
Companies are: set(['THE MADISON SQUARE GARDEN COMPANY', 'AZOFF MSG ENTERTAINMENT'])


../raw_8_K_filings/Summit Materials Inc-8K_filing.txt
RE for this file takes: 21.2294540405
Num of companies detected:	0
Companies are: set([])


../raw_8_K_filings/Surface Oncology Inc-8K_filing.txt
RE for this file takes: 23.6687479019
Num of companies detected:	0
Companies are: set([])


../raw_8_K_filings/AquaVenture Holdings Ltd-8K_filing.txt
RE for this file takes: 28.8054490089
Num of companies detected:	4
Companies are: set(['PURE WATER TECHNOLOGY', 'HEALTH SOLUTIONS', 'AQUAVENTURE HOLDINGS LIMITED', 'CORPORATE SERVICES'])


../raw_8_K_filings/MOJO DATA SOLUTIONS INC-8K_filing.txt
RE for this file takes: 15.2314841747
Num of companies detected:	0
Companies are: set([])


../raw_8_K_filings/CHEVRON CORP-8K_filing.txt
RE for this file takes: 21.9813859463
Num of companies detected:	1
Companies are: set(['CHEVRON CORPORATION'])


../raw_8_K_filings/HMS INCOME FUND INC-8K_filing.txt
RE for this file takes: 26.1096978188
Num of companies detected:	0
Companies are: set([])


../raw_8_K_filings/EVERSPIN TECHNOLOGIES INC-8K_filing.txt
RE for this file takes: 20.5567228794
Num of companies detected:	0
Companies are: set([])


../raw_8_K_filings/Cloudera Inc-8K_filing.txt
RE for this file takes: 59.9952719212
Num of companies detected:	0
Companies are: set([])


../raw_8_K_filings/CITRIX SYSTEMS INC-8K_filing.txt
RE for this file takes: 25.8718879223
Num of companies detected:	0
Companies are: set([])


../raw_8_K_filings/UBS Commercial Mortgage Trust 2018 C14-8K_filing.txt
RE for this file takes: 118.187813044
Num of companies detected:	5
Companies are: set(['NATIXIS SECURITIES AMERICAS', 'MIDLAND LOAN SERVICES', 'NATIXIS REAL ESTATE CAPITAL', 'UBS AG', 'UBS COMMERCIAL MORTGAGE TRUST'])


../raw_8_K_filings/TWINLAB CONSOLIDATED HOLDINGS INC-8K_filing.txt
RE for this file takes: 56.5721790791
Num of companies detected:	3
Companies are: set(['BRANDS INC', 'MIDCAP FUNDING X TRUST', 'HOLDINGS LLC'])


../raw_8_K_filings/CohBar Inc-8K_filing.txt
RE for this file takes: 52.5649809837
Num of companies detected:	0
Companies are: set([])


../raw_8_K_filings/Evoqua Water Technologies Corp-8K_filing.txt
RE for this file takes: 25.551845789
Num of companies detected:	1
Companies are: set(['EVOQUA WATER TECHNOLOGIES'])


../raw_8_K_filings/HORTON D R INC DE-8K_filing.txt
RE for this file takes: 31.7102639675
Num of companies detected:	2
Companies are: set(['PRICEWATERHOUSECOOPERS LLP', 'ERNST & YOUNG LLP'])


../raw_8_K_filings/LOWES COMPANIES INC-8K_filing.txt
RE for this file takes: 24.069234848
Num of companies detected:	0
Companies are: set([])


../raw_8_K_filings/Perma Pipe International Holdings Inc-8K_filing.txt
RE for this file takes: 16.6237580776
Num of companies detected:	1
Companies are: set(['PERMA-PIPE INTERNATIONAL HOLDINGS'])


../raw_8_K_filings/Level Brands Inc-8K_filing.txt
RE for this file takes: 25.2746801376
Num of companies detected:	0
Companies are: set([])


../raw_8_K_filings/PARK NATIONAL CORP OH-8K_filing.txt
RE for this file takes: 36.5323798656
Num of companies detected:	1
Companies are: set(['PARK NATIONAL CORPORATION'])


../raw_8_K_filings/VOLT INFORMATION SCIENCES INC-8K_filing.txt
RE for this file takes: 37.1507968903
Num of companies detected:	1
Companies are: set(['VOLT INFORMATION SCIENCES'])


../raw_8_K_filings/Morgan Stanley Capital I Trust 2018 H4-8K_filing.txt
RE for this file takes: 95.3273119926
Num of companies detected:	5
Companies are: set(['MORGAN STANLEY', 'PENTALPHA SURVEILLANCE LLC', 'MIDLAND LOAN SERVICES', 'CWCAPITAL ASSET MANAGEMENT', 'HOLDINGS LLC'])


../raw_8_K_filings/SinglePoint Inc-8K_filing.txt
RE for this file takes: 13.6572937965
Num of companies detected:	1
Companies are: set(['THERAPEUTIC RIDING CENTER'])


../raw_8_K_filings/BIOVIE INC-8K_filing.txt
RE for this file takes: 15.4929301739
Num of companies detected:	0
Companies are: set([])


../raw_8_K_filings/QEP RESOURCES INC-8K_filing.txt
RE for this file takes: 52.1022357941
Num of companies detected:	1
Companies are: set(['COBALT INTERNATIONAL ENERGY'])


../raw_8_K_filings/MVC CAPITAL INC-8K_filing.txt
RE for this file takes: 20.4245228767
Num of companies detected:	2
Companies are: set(['MVC GP II', 'PARTNERS LLC'])


../raw_8_K_filings/GARDNER DENVER HOLDINGS INC-8K_filing.txt
RE for this file takes: 32.6750838757
Num of companies detected:	2
Companies are: set(['UBS AG', 'GARDNER DENVER HOLDINGS'])


../raw_8_K_filings/MYERS INDUSTRIES INC-8K_filing.txt
RE for this file takes: 28.5558989048
Num of companies detected:	0
Companies are: set([])


../raw_8_K_filings/JACK IN THE BOX INC NEW-8K_filing.txt
RE for this file takes: 16.0478408337
Num of companies detected:	2
Companies are: set(['BOX INC', 'JACK IN THE BOX'])


../raw_8_K_filings/Alliqua BioMedical Inc-8K_filing.txt
RE for this file takes: 41.394040823
Num of companies detected:	0
Companies are: set([])


../raw_8_K_filings/SYNTHESIS ENERGY SYSTEMS INC-8K_filing.txt
RE for this file takes: 16.9197151661
Num of companies detected:	1
Companies are: set(['SYNTHESIS ENERGY SYSTEMS'])


../raw_8_K_filings/Hudson Pacific Properties Inc, Hudson Pacific Properties L P-8K_filing.txt
RE for this file takes: 54.3235869408
Num of companies detected:	1
Companies are: set(['HUDSON PACIFIC PROPERTIES'])


../raw_8_K_filings/C F FINANCIAL CORP-8K_filing.txt
RE for this file takes: 31.1947290897
Num of companies detected:	2
Companies are: set(['C&F FINANCIAL CORPORATION', 'FARMERS BANK'])


../raw_8_K_filings/Plymouth Industrial REIT Inc-8K_filing.txt
RE for this file takes: 75.90523386
Num of companies detected:	2
Companies are: set(['MADISON INTERNATIONAL REALTY', 'PLYMOUTH INDUSTRIAL REIT'])


../raw_8_K_filings/NEWFIELD EXPLORATION CO DE-8K_filing.txt
RE for this file takes: 15.6874821186
Num of companies detected:	1
Companies are: set(['ENCANA CORPORATION'])


../raw_8_K_filings/DELTA APPAREL INC-8K_filing.txt
RE for this file takes: 28.3497018814
Num of companies detected:	0
Companies are: set([])


../raw_8_K_filings/Resource Real Estate Opportunity REIT II Inc-8K_filing.txt
RE for this file takes: 14.5896718502
Num of companies detected:	2
Companies are: set(['RESOURCE REAL ESTATE OPPORTUNITY ADVISOR', 'RESOURCE REAL ESTATE OPPORTUNITY REIT'])


../raw_8_K_filings/SOUTHWEST IOWA RENEWABLE ENERGY LLC-8K_filing.txt
RE for this file takes: 18.7968108654
Num of companies detected:	1
Companies are: set(['IOWA RENEWABLE ENERGY'])


../raw_8_K_filings/Standard AVB Financial Corp-8K_filing.txt
RE for this file takes: 17.8157880306
Num of companies detected:	1
Companies are: set(['STANDARD AVB FINANCIAL'])


../raw_8_K_filings/VirnetX Holding Corp-8K_filing.txt
RE for this file takes: 21.9783890247
Num of companies detected:	0
Companies are: set([])


../raw_8_K_filings/SB FINANCIAL GROUP INC-8K_filing.txt
RE for this file takes: 23.2014379501
Num of companies detected:	3
Companies are: set(['DIVERSIFIED FINANCIAL', 'SB FINANCIAL GROUP', 'STATE BANK'])


../raw_8_K_filings/BALL Corp-8K_filing.txt
RE for this file takes: 21.2924740314
Num of companies detected:	1
Companies are: set(['BALL CORPORATION'])


../raw_8_K_filings/INVIVO THERAPEUTICS HOLDINGS CORP-8K_filing.txt
RE for this file takes: 15.8440680504
Num of companies detected:	1
Companies are: set(['INVIVO THERAPEUTICS HOLDINGS'])


../raw_8_K_filings/CARNIVAL CORP, CARNIVAL PLC-8K_filing.txt
RE for this file takes: 21.2582700253
Num of companies detected:	1
Companies are: set(['CARNIVAL CORPORATION'])


../raw_8_K_filings/PLAINS ALL AMERICAN PIPELINE LP-8K_filing.txt
RE for this file takes: 37.9784841537
Num of companies detected:	1
Companies are: set(['HOLDINGS LLC'])


../raw_8_K_filings/UGI CORP PA-8K_filing.txt
RE for this file takes: 41.38580513
Num of companies detected:	1
Companies are: set(['UGI CORPORATION'])


../raw_8_K_filings/QUICKLOGIC CORPORATION-8K_filing.txt
RE for this file takes: 24.6422781944
Num of companies detected:	1
Companies are: set(['QUICKLOGIC CORPORATION'])


../raw_8_K_filings/Air Transport Services Group Inc-8K_filing.txt
RE for this file takes: 59.9745509624
Num of companies detected:	1
Companies are: set(['AIR TRANSPORT SERVICES GROUP'])


../raw_8_K_filings/VIVUS INC-8K_filing.txt
RE for this file takes: 23.5005700588
Num of companies detected:	0
Companies are: set([])


../raw_8_K_filings/Ever Glory International Group Inc-8K_filing.txt
RE for this file takes: 27.1647849083
Num of companies detected:	1
Companies are: set(['EVER-GLORY INTERNATIONAL GROUP'])


../raw_8_K_filings/Start Scientific Inc-8K_filing.txt
RE for this file takes: 17.6332809925
Num of companies detected:	0
Companies are: set([])


../raw_8_K_filings/CalAmp Corp-8K_filing.txt
RE for this file takes: 18.3358540535
Num of companies detected:	1
Companies are: set(['CALAMP CORP'])


../raw_8_K_filings/iQSTEL Inc-8K_filing.txt
RE for this file takes: 16.3498840332
Num of companies detected:	0
Companies are: set([])


../raw_8_K_filings/Carey Watermark Investors 2 Inc-8K_filing.txt
RE for this file takes: 15.2388339043
Num of companies detected:	1
Companies are: set(['CAREY WATERMARK INVESTORS'])


../raw_8_K_filings/Ellington Financial LLC-8K_filing.txt
RE for this file takes: 21.5964710712
Num of companies detected:	0
Companies are: set([])


../raw_8_K_filings/SOUTHERN CO-8K_filing.txt
RE for this file takes: 20.5050919056
Num of companies detected:	1
Companies are: set(['FORD MOTOR COMPANY'])


../raw_8_K_filings/Diffusion Pharmaceuticals Inc-8K_filing.txt
RE for this file takes: 28.9376089573
Num of companies detected:	1
Companies are: set(['DIFFUSION PHARMACEUTICALS INC'])


../raw_8_K_filings/Venator Materials PLC-8K_filing.txt
RE for this file takes: 38.0734908581
Num of companies detected:	2
Companies are: set(['WORKING CAPITAL MANAGEMENT', 'VENATOR MATERIALS PLC'])


../raw_8_K_filings/FEDERAL NATIONAL MORTGAGE ASSOCIATION FANNIE MAE-8K_filing.txt
RE for this file takes: 16.9074110985
Num of companies detected:	1
Companies are: set(['1100 15TH STREET'])


../raw_8_K_filings/ACORDA THERAPEUTICS INC-8K_filing.txt
RE for this file takes: 18.2021858692
Num of companies detected:	0
Companies are: set([])


../raw_8_K_filings/WASHINGTON GAS LIGHT CO-8K_filing.txt
RE for this file takes: 29.5865218639
Num of companies detected:	0
Companies are: set([])


../raw_8_K_filings/LANDS END INC-8K_filing.txt
RE for this file takes: 20.7663459778
Num of companies detected:	0
Companies are: set([])


../raw_8_K_filings/Takung Art Co Ltd-8K_filing.txt
RE for this file takes: 25.9012889862
Num of companies detected:	1
Companies are: set(['TAKUNG ART CO'])


../raw_8_K_filings/BOSTON SCIENTIFIC CORP-8K_filing.txt
RE for this file takes: 69.0091500282
Num of companies detected:	3
Companies are: set(['AND CO', 'BANK OF AMERICA', 'BOSTON SCIENTIFIC CORPORATION'])


../raw_8_K_filings/RREEF Property Trust Inc-8K_filing.txt
RE for this file takes: 38.5350499153
Num of companies detected:	0
Companies are: set([])


../raw_8_K_filings/Eiger BioPharmaceuticals Inc-8K_filing.txt
RE for this file takes: 15.818187952
Num of companies detected:	0
Companies are: set([])


../raw_8_K_filings/ASPEN INSURANCE HOLDINGS LTD-8K_filing.txt
RE for this file takes: 27.0265569687
Num of companies detected:	1
Companies are: set(['ASPEN INSURANCE HOLDINGS LIMITED'])


../raw_8_K_filings/AUTONATION INC-8K_filing.txt
RE for this file takes: 21.4317719936
Num of companies detected:	0
Companies are: set([])


../raw_8_K_filings/ServisFirst Bancshares Inc-8K_filing.txt
RE for this file takes: 16.0317611694
Num of companies detected:	0
Companies are: set([])


../raw_8_K_filings/CatchMark Timber Trust Inc-8K_filing.txt
RE for this file takes: 17.7808630466
Num of companies detected:	1
Companies are: set(['CATCHMARK TIMBER TRUST'])


../raw_8_K_filings/CAMPBELL STRATEGIC ALLOCATION FUND LP-8K_filing.txt
RE for this file takes: 15.7507059574
Num of companies detected:	0
Companies are: set([])


../raw_8_K_filings/COHERENT INC-8K_filing.txt
RE for this file takes: 18.7923431396
Num of companies detected:	0
Companies are: set([])


../raw_8_K_filings/CIRCOR INTERNATIONAL INC-8K_filing.txt
RE for this file takes: 33.0361950397
Num of companies detected:	2
Companies are: set(['BANK OF AMERICA', 'PHI BETA KAPPA'])


../raw_8_K_filings/SCI Engineered Materials Inc-8K_filing.txt
RE for this file takes: 27.1767640114
Num of companies detected:	0
Companies are: set([])


../raw_8_K_filings/SOUTHERN CALIFORNIA GAS CO-8K_filing.txt
RE for this file takes: 17.1085009575
Num of companies detected:	0
Companies are: set([])


../raw_8_K_filings/AVISTA CORP-8K_filing.txt
RE for this file takes: 19.6327459812
Num of companies detected:	1
Companies are: set(['AVISTA CORPORATION'])


../raw_8_K_filings/TREVENA INC-8K_filing.txt
RE for this file takes: 36.3910009861
Num of companies detected:	0
Companies are: set([])


../raw_8_K_filings/BALCHEM CORP-8K_filing.txt
RE for this file takes: 15.6473469734
Num of companies detected:	1
Companies are: set(['BALCHEM CORPORATION'])


../raw_8_K_filings/Pfenex Inc-8K_filing.txt
RE for this file takes: 16.2632360458
Num of companies detected:	1
Companies are: set(['PFENEX INC'])


../raw_8_K_filings/COSTCO WHOLESALE CORP NEW-8K_filing.txt
RE for this file takes: 15.0999019146
Num of companies detected:	1
Companies are: set(['COSTCO WHOLESALE CORPORATION'])


../raw_8_K_filings/Hannon Armstrong Sustainable Infrastructure Capital Inc-8K_filing.txt
RE for this file takes: 41.7434458733
Num of companies detected:	1
Companies are: set(['HANNON ARMSTRONG SUSTAINABLE INFRASTRUCTURE CAPITAL'])


../raw_8_K_filings/CHIMERA INVESTMENT CORP-8K_filing.txt
RE for this file takes: 113.510536909
Num of companies detected:	1
Companies are: set(['CHIMERA INVESTMENT CORPORATION'])


../raw_8_K_filings/Casa Systems Inc-8K_filing.txt
RE for this file takes: 38.827434063
Num of companies detected:	2
Companies are: set(['PRICEWATERHOUSECOOPERS LLP', 'FACTSET RESEARCH SYSTEMS'])


../raw_8_K_filings/Progreen US Inc-8K_filing.txt
RE for this file takes: 19.7533988953
Num of companies detected:	0
Companies are: set([])


../raw_8_K_filings/DATASIGHT CORP-8K_filing.txt
RE for this file takes: 27.7053728104
Num of companies detected:	0
Companies are: set([])


../raw_8_K_filings/POTLATCHDELTIC CORP-8K_filing.txt
RE for this file takes: 48.564800024
Num of companies detected:	2
Companies are: set(['POTLATCHDELTIC CORPORATION', 'ROSEBURG FOREST PRODUCTS'])


../raw_8_K_filings/Sino Agro Food Inc-8K_filing.txt
RE for this file takes: 26.5319030285
Num of companies detected:	1
Companies are: set(['SICHENZIA ROSS FERENCE LLP'])


../raw_8_K_filings/BANK OF THE JAMES FINANCIAL GROUP INC-8K_filing.txt
RE for this file takes: 15.920732975
Num of companies detected:	1
Companies are: set(['BANK OF THE JAMES FINANCIAL GROUP'])


../raw_8_K_filings/Aeglea BioTherapeutics Inc-8K_filing.txt
RE for this file takes: 21.1877479553
Num of companies detected:	0
Companies are: set([])


../raw_8_K_filings/CELADON GROUP INC-8K_filing.txt
RE for this file takes: 46.8464930058
Num of companies detected:	0
Companies are: set([])


../raw_8_K_filings/OSI SYSTEMS INC-8K_filing.txt
RE for this file takes: 21.5455479622
Num of companies detected:	1
Companies are: set(['MOSS ADAMS LLP'])


../raw_8_K_filings/ENDONOVO THERAPEUTICS INC-8K_filing.txt
RE for this file takes: 18.7109050751
Num of companies detected:	0
Companies are: set([])


../raw_8_K_filings/NORTECH SYSTEMS INC-8K_filing.txt
RE for this file takes: 30.1839802265
Num of companies detected:	2
Companies are: set(['NORTECH SYSTEMS INCORPORATED', 'SYSTEMS INC'])


../raw_8_K_filings/Accenture plc-8K_filing.txt
RE for this file takes: 22.8170149326
Num of companies detected:	2
Companies are: set(['IN THE NEWS', 'ACCENTURE PLC'])


../raw_8_K_filings/Pzena Investment Management Inc-8K_filing.txt
RE for this file takes: 15.4014620781
Num of companies detected:	1
Companies are: set(['PZENA INVESTMENT MANAGEMENT'])


../raw_8_K_filings/AMAG PHARMACEUTICALS INC-8K_filing.txt
RE for this file takes: 81.1309490204
Num of companies detected:	1
Companies are: set(['TECHNOLOGIES INC'])


../raw_8_K_filings/Duke Energy CORP-8K_filing.txt
RE for this file takes: 34.1322689056
Num of companies detected:	1
Companies are: set(['DUKE ENERGY CORPORATION'])


../raw_8_K_filings/STORE CAPITAL Corp-8K_filing.txt
RE for this file takes: 16.488132
Num of companies detected:	1
Companies are: set(['STORE CAPITAL CORPORATION'])


../raw_8_K_filings/Aptiv PLC-8K_filing.txt
RE for this file takes: 17.207103014
Num of companies detected:	1
Companies are: set(['APTIV PLC'])


../raw_8_K_filings/DTS8 COFFEE COMPANY LTD-8K_filing.txt
RE for this file takes: 32.4908699989
Num of companies detected:	0
Companies are: set([])


../raw_8_K_filings/BEST BUY CO INC-8K_filing.txt
RE for this file takes: 26.4753911495
Num of companies detected:	2
Companies are: set(['HEALTH CARE ADMINISTRATION', 'BEST BUY CO'])


../raw_8_K_filings/HALLIBURTON CO-8K_filing.txt
RE for this file takes: 27.9488880634
Num of companies detected:	1
Companies are: set(['HALLIBURTON COMPANY'])


../raw_8_K_filings/COMMERCIAL METALS CO-8K_filing.txt
RE for this file takes: 26.0959351063
Num of companies detected:	1
Companies are: set(['COMMERCIAL METALS COMPANY'])


../raw_8_K_filings/Armour Residential REIT Inc-8K_filing.txt
RE for this file takes: 17.6396768093
Num of companies detected:	1
Companies are: set(['ARMOUR RESIDENTIAL REIT'])


../raw_8_K_filings/STAR GROUP L P-8K_filing.txt
RE for this file takes: 17.12180686
Num of companies detected:	0
Companies are: set([])


../raw_8_K_filings/MGM Resorts International-8K_filing.txt
RE for this file takes: 31.9276111126
Num of companies detected:	2
Companies are: set(['BANK OF AMERICA', 'MGM RESORTS INTERNATIONAL'])


../raw_8_K_filings/WHIRLPOOL CORP DE-8K_filing.txt
RE for this file takes: 23.3474721909
Num of companies detected:	1
Companies are: set(['WHIRLPOOL CORPORATION'])


../raw_8_K_filings/Adtalem Global Education Inc-8K_filing.txt
RE for this file takes: 16.8571538925
Num of companies detected:	3
Companies are: set(['SAN JOAQUIN VALLEY COLLEGE', 'ADTALEM GLOBAL EDUCATION', 'HOLDINGS LLC'])


../raw_8_K_filings/NIOCORP DEVELOPMENTS LTD-8K_filing.txt
RE for this file takes: 20.1796770096
Num of companies detected:	0
Companies are: set([])


../raw_8_K_filings/Bonanza Creek Energy Inc-8K_filing.txt
RE for this file takes: 51.5956439972
Num of companies detected:	1
Companies are: set(['BONANZA CREEK ENERGY'])


../raw_8_K_filings/Jones Lang LaSalle Income Property Trust Inc-8K_filing.txt
RE for this file takes: 27.1619570255
Num of companies detected:	0
Companies are: set([])


../raw_8_K_filings/OMEGA HEALTHCARE INVESTORS INC, OHI Healthcare Properties Limited Partnership-8K_filing.txt
RE for this file takes: 20.828494072
Num of companies detected:	1
Companies are: set(['OMEGA HEALTHCARE INVESTORS'])


../raw_8_K_filings/PILGRIMS PRIDE CORP-8K_filing.txt
RE for this file takes: 26.8001818657
Num of companies detected:	0
Companies are: set([])


../raw_8_K_filings/EMCOR GROUP INC-8K_filing.txt
RE for this file takes: 22.1782128811
Num of companies detected:	0
Companies are: set([])


../raw_8_K_filings/Aldeyra Therapeutics Inc-8K_filing.txt
RE for this file takes: 31.6897039413
Num of companies detected:	0
Companies are: set([])


../raw_8_K_filings/Wewin Group Corp-8K_filing.txt
RE for this file takes: 25.0894799232
Num of companies detected:	0
Companies are: set([])


../raw_8_K_filings/KORN FERRY INTERNATIONAL-8K_filing.txt
RE for this file takes: 19.7141048908
Num of companies detected:	1
Companies are: set(['KORN FERRY'])


../raw_8_K_filings/Mirati Therapeutics Inc-8K_filing.txt
RE for this file takes: 42.5246891975
Num of companies detected:	1
Companies are: set(['TAVISTOCK LIFE SCIENCES'])


../raw_8_K_filings/FLUSHING FINANCIAL CORP-8K_filing.txt
RE for this file takes: 13.7993071079
Num of companies detected:	1
Companies are: set(['FLUSHING FINANCIAL CORPORATION'])


../raw_8_K_filings/CORTLAND BANCORP INC-8K_filing.txt
RE for this file takes: 17.5605909824
Num of companies detected:	1
Companies are: set(['CORTLAND BANCORP'])


../raw_8_K_filings/ReShape Lifesciences Inc-8K_filing.txt
RE for this file takes: 50.7371549606
Num of companies detected:	0
Companies are: set([])


../raw_8_K_filings/VBI Vaccines Inc BC-8K_filing.txt
RE for this file takes: 34.7049980164
Num of companies detected:	1
Companies are: set(['VBI VACCINES INC'])


../raw_8_K_filings/ZYNGA INC-8K_filing.txt
RE for this file takes: 77.9952831268
Num of companies detected:	3
Companies are: set(['ZYNGA INC', 'BANK OF AMERICA', 'HOLDINGS LLC'])


../raw_8_K_filings/KEMPHARM INC-8K_filing.txt
RE for this file takes: 20.4072849751
Num of companies detected:	0
Companies are: set([])


../raw_8_K_filings/STERICYCLE INC-8K_filing.txt
RE for this file takes: 76.8359150887
Num of companies detected:	1
Companies are: set(['BANK OF AMERICA'])


../raw_8_K_filings/LITTELFUSE INC DE-8K_filing.txt
RE for this file takes: 26.9294130802
Num of companies detected:	2
Companies are: set(['STANLEY BLACK & DECKER', 'ELECTRONIC MONITORING SYSTEMS'])


../slurmstepd: error: *** JOB 10258781 ON swarm011 CANCELLED AT 2019-03-22T14:38:17 DUE TO TIME LIMIT ***
