WARNING:tensorflow:From /home/liu/DMTE/code/DataSet.py:48: __init__ (from tensorflow.contrib.learn.python.learn.preprocessing.text) is deprecated and will be removed in a future version.
Instructions for updating:
Please use tensorflow/transform or tf.data.
WARNING:tensorflow:From /home/liu/anaconda2/lib/python2.7/site-packages/tensorflow/contrib/learn/python/learn/preprocessing/text.py:154: __init__ (from tensorflow.contrib.learn.python.learn.preprocessing.categorical_vocabulary) is deprecated and will be removed in a future version.
Instructions for updating:
Please use tensorflow/transform or tf.data.
WARNING:tensorflow:From /home/liu/anaconda2/lib/python2.7/site-packages/tensorflow/contrib/learn/python/learn/preprocessing/text.py:170: tokenizer (from tensorflow.contrib.learn.python.learn.preprocessing.text) is deprecated and will be removed in a future version.
Instructions for updating:
Please use tensorflow/transform or tf.data.
2019-04-18 15:23:45.987323: I tensorflow/core/platform/cpu_feature_guard.cc:141] Your CPU supports instructions that this TensorFlow binary was not compiled to use: AVX2 FMA
start loading data ...
1000000
data loaded succesffully ...
start training.......
epoch:  1  loss:  74170.75537109375
epoch:  2  loss:  38807.87780761719
epoch:  3  loss:  31673.071044921875
epoch:  4  loss:  30949.713012695312
epoch:  5  loss:  30713.249267578125
epoch:  6  loss:  30581.4951171875
epoch:  7  loss:  30462.368774414062
epoch:  8  loss:  30340.692016601562
epoch:  9  loss:  30222.06103515625
epoch:  10  loss:  30029.490356445312
epoch:  11  loss:  29819.041259765625
epoch:  12  loss:  29583.541748046875
epoch:  13  loss:  29330.989990234375
epoch:  14  loss:  29065.662109375
epoch:  15  loss:  28798.308471679688
epoch:  16  loss:  28577.02783203125
epoch:  17  loss:  28299.17578125
epoch:  18  loss:  28094.001342773438
epoch:  19  loss:  27809.98583984375
epoch:  20  loss:  27626.731079101562
epoch:  21  loss:  27467.755859375
epoch:  22  loss:  27077.563110351562
epoch:  23  loss:  26946.58349609375
epoch:  24  loss:  26907.022094726562
epoch:  25  loss:  26558.217163085938
epoch:  26  loss:  26349.165649414062
epoch:  27  loss:  26170.833251953125
epoch:  28  loss:  26040.075073242188
epoch:  29  loss:  25821.287963867188
epoch:  30  loss:  25581.589233398438
epoch:  31  loss:  25480.105712890625
epoch:  32  loss:  25342.879516601562
epoch:  33  loss:  25233.01416015625
epoch:  34  loss:  25002.940795898438
epoch:  35  loss:  24866.917114257812
epoch:  36  loss:  24731.172973632812
epoch:  37  loss:  24370.46533203125
epoch:  38  loss:  24444.933349609375
epoch:  39  loss:  24430.953063964844
epoch:  40  loss:  24263.286254882812
epoch:  41  loss:  24104.07403564453
epoch:  42  loss:  23848.753540039062
epoch:  43  loss:  23762.653747558594
epoch:  44  loss:  23898.705322265625
epoch:  45  loss:  23569.686645507812
epoch:  46  loss:  23550.712463378906
epoch:  47  loss:  23503.159912109375
epoch:  48  loss:  23346.542724609375
epoch:  49  loss:  23280.384033203125
epoch:  50  loss:  23089.08270263672
epoch:  51  loss:  23010.383178710938
epoch:  52  loss:  23122.663208007812
epoch:  53  loss:  22932.41748046875
epoch:  54  loss:  22845.0048828125
epoch:  55  loss:  22876.526245117188
epoch:  56  loss:  22595.70526123047
epoch:  57  loss:  22776.684326171875
epoch:  58  loss:  22712.548400878906
epoch:  59  loss:  22401.18115234375
epoch:  60  loss:  22319.03143310547
epoch:  61  loss:  22327.992126464844
epoch:  62  loss:  22364.7080078125
epoch:  63  loss:  22212.49188232422
epoch:  64  loss:  22199.3173828125
epoch:  65  loss:  22167.510681152344
epoch:  66  loss:  21963.595642089844
epoch:  67  loss:  22162.999755859375
epoch:  68  loss:  21958.954650878906
epoch:  69  loss:  21968.156127929688
epoch:  70  loss:  21947.777954101562
epoch:  71  loss:  21991.40802001953
epoch:  72  loss:  21735.350708007812
epoch:  73  loss:  21690.005981445312
epoch:  74  loss:  21820.077697753906
epoch:  75  loss:  21574.98828125
epoch:  76  loss:  21903.145080566406
epoch:  77  loss:  21841.637268066406
epoch:  78  loss:  21615.343688964844
epoch:  79  loss:  21605.271423339844
epoch:  80  loss:  21563.19708251953
epoch:  81  loss:  21612.78936767578
epoch:  82  loss:  21534.01593017578
epoch:  83  loss:  21515.477172851562
epoch:  84  loss:  21481.693969726562
epoch:  85  loss:  21233.349975585938
epoch:  86  loss:  21403.368774414062
epoch:  87  loss:  21483.049194335938
epoch:  88  loss:  21209.396423339844
epoch:  89  loss:  21204.539489746094
epoch:  90  loss:  21106.850830078125
epoch:  91  loss:  21250.04052734375
epoch:  92  loss:  21316.515075683594
epoch:  93  loss:  21132.34375
epoch:  94  loss:  21222.091552734375
epoch:  95  loss:  21033.136108398438
epoch:  96  loss:  21108.70245361328
epoch:  97  loss:  21024.606018066406
epoch:  98  loss:  21081.217529296875
epoch:  99  loss:  21013.87481689453
epoch:  100  loss:  20993.810546875
epoch:  101  loss:  20819.096557617188
epoch:  102  loss:  21095.72540283203
epoch:  103  loss:  20829.41473388672
epoch:  104  loss:  20983.24072265625
epoch:  105  loss:  20870.116577148438
epoch:  106  loss:  20770.368041992188
epoch:  107  loss:  20861.762268066406
epoch:  108  loss:  20952.738525390625
epoch:  109  loss:  21024.79522705078
epoch:  110  loss:  20805.33721923828
epoch:  111  loss:  20855.09930419922
epoch:  112  loss:  20659.608154296875
epoch:  113  loss:  20772.66278076172
epoch:  114  loss:  20655.240600585938
epoch:  115  loss:  20723.672424316406
epoch:  116  loss:  20641.41241455078
epoch:  117  loss:  20670.247619628906
epoch:  118  loss:  20703.457153320312
epoch:  119  loss:  20642.114013671875
epoch:  120  loss:  20551.162841796875
epoch:  121  loss:  20549.937377929688
epoch:  122  loss:  20433.013061523438
epoch:  123  loss:  20602.560302734375
epoch:  124  loss:  20685.24786376953
epoch:  125  loss:  20139.124084472656
epoch:  126  loss:  20442.04541015625
epoch:  127  loss:  20583.024047851562
epoch:  128  loss:  20335.787475585938
epoch:  129  loss:  20581.64599609375
epoch:  130  loss:  20555.255798339844
epoch:  131  loss:  20539.534606933594
epoch:  132  loss:  20466.09490966797
epoch:  133  loss:  20316.53369140625
epoch:  134  loss:  20290.744750976562
epoch:  135  loss:  20142.09259033203
epoch:  136  loss:  20341.75732421875
epoch:  137  loss:  20557.65399169922
epoch:  138  loss:  20429.79119873047
epoch:  139  loss:  20397.9443359375
epoch:  140  loss:  20460.85321044922
epoch:  141  loss:  20230.612243652344
epoch:  142  loss:  20260.99822998047
epoch:  143  loss:  20311.136352539062
epoch:  144  loss:  20197.896057128906
epoch:  145  loss:  20179.797424316406
epoch:  146  loss:  20256.84051513672
epoch:  147  loss:  20018.269958496094
epoch:  148  loss:  20133.77392578125
epoch:  149  loss:  20069.880249023438
epoch:  150  loss:  20059.839477539062
epoch:  151  loss:  20178.5302734375
epoch:  152  loss:  20137.705932617188
epoch:  153  loss:  20093.396240234375
epoch:  154  loss:  20293.62774658203
epoch:  155  loss:  20235.174743652344
epoch:  156  loss:  20149.399536132812
epoch:  157  loss:  20249.615295410156
epoch:  158  loss:  20219.665954589844
epoch:  159  loss:  20108.702026367188
epoch:  160  loss:  19995.50164794922
epoch:  161  loss:  20234.57403564453
epoch:  162  loss:  20039.797241210938
epoch:  163  loss:  19946.69384765625
epoch:  164  loss:  20115.179931640625
epoch:  165  loss:  20133.008850097656
epoch:  166  loss:  19991.651000976562
epoch:  167  loss:  19784.73858642578
epoch:  168  loss:  20088.311279296875
epoch:  169  loss:  19874.58221435547
epoch:  170  loss:  19938.299682617188
epoch:  171  loss:  19955.229736328125
epoch:  172  loss:  19906.257568359375
epoch:  173  loss:  19945.010620117188
epoch:  174  loss:  19869.655883789062
epoch:  175  loss:  19934.11492919922
epoch:  176  loss:  20199.99920654297
epoch:  177  loss:  19976.442504882812
epoch:  178  loss:  19980.947875976562
epoch:  179  loss:  20082.944091796875
epoch:  180  loss:  20030.813354492188
epoch:  181  loss:  19672.109985351562
epoch:  182  loss:  19720.863220214844
epoch:  183  loss:  19872.172912597656
epoch:  184  loss:  19943.400451660156
epoch:  185  loss:  20128.10546875
epoch:  186  loss:  19810.462463378906
epoch:  187  loss:  19949.111938476562
epoch:  188  loss:  19917.072021484375
epoch:  189  loss:  19767.634826660156
epoch:  190  loss:  20068.765747070312
epoch:  191  loss:  19738.357177734375
epoch:  192  loss:  19720.688842773438
epoch:  193  loss:  19956.91033935547
epoch:  194  loss:  19677.783813476562
epoch:  195  loss:  19718.178588867188
epoch:  196  loss:  19877.137573242188
epoch:  197  loss:  19739.983825683594
epoch:  198  loss:  19977.814392089844
epoch:  199  loss:  19730.850708007812
epoch:  200  loss:  19937.397888183594
0.932282191227
