WARNING:tensorflow:From /home/liu/DMTE/code/DataSet.py:48: __init__ (from tensorflow.contrib.learn.python.learn.preprocessing.text) is deprecated and will be removed in a future version.
Instructions for updating:
Please use tensorflow/transform or tf.data.
WARNING:tensorflow:From /home/liu/anaconda2/lib/python2.7/site-packages/tensorflow/contrib/learn/python/learn/preprocessing/text.py:154: __init__ (from tensorflow.contrib.learn.python.learn.preprocessing.categorical_vocabulary) is deprecated and will be removed in a future version.
Instructions for updating:
Please use tensorflow/transform or tf.data.
WARNING:tensorflow:From /home/liu/anaconda2/lib/python2.7/site-packages/tensorflow/contrib/learn/python/learn/preprocessing/text.py:170: tokenizer (from tensorflow.contrib.learn.python.learn.preprocessing.text) is deprecated and will be removed in a future version.
Instructions for updating:
Please use tensorflow/transform or tf.data.
2019-03-20 17:45:01.672486: I tensorflow/core/platform/cpu_feature_guard.cc:141] Your CPU supports instructions that this TensorFlow binary was not compiled to use: AVX2 FMA
1000000
start training.......
epoch:  1  loss:  11115.42724609375
epoch:  2  loss:  10993.726318359375
epoch:  3  loss:  10831.1171875
epoch:  4  loss:  10654.41455078125
epoch:  5  loss:  10469.692138671875
epoch:  6  loss:  10712.021484375
epoch:  7  loss:  10518.2216796875
epoch:  8  loss:  10566.66845703125
epoch:  9  loss:  10384.24853515625
epoch:  10  loss:  10142.6728515625
epoch:  11  loss:  8854.6611328125
epoch:  12  loss:  6290.9727783203125
epoch:  13  loss:  5520.313720703125
epoch:  14  loss:  5475.3724365234375
epoch:  15  loss:  5476.612060546875
epoch:  16  loss:  5389.9779052734375
epoch:  17  loss:  5343.71240234375
epoch:  18  loss:  5308.4569091796875
epoch:  19  loss:  5275.854736328125
epoch:  20  loss:  5258.35986328125
epoch:  21  loss:  5252.7279052734375
epoch:  22  loss:  5239.7235107421875
epoch:  23  loss:  5231.2869873046875
epoch:  24  loss:  5218.636962890625
epoch:  25  loss:  5211.3441162109375
epoch:  26  loss:  5201.00341796875
epoch:  27  loss:  5191.6451416015625
epoch:  28  loss:  5191.523193359375
epoch:  29  loss:  5191.335693359375
epoch:  30  loss:  5178.5255126953125
epoch:  31  loss:  5166.743408203125
epoch:  32  loss:  5166.552490234375
epoch:  33  loss:  5151.922119140625
epoch:  34  loss:  5151.55224609375
epoch:  35  loss:  5149.1412353515625
epoch:  36  loss:  5133.3524169921875
epoch:  37  loss:  5131.0621337890625
epoch:  38  loss:  5127.9168701171875
epoch:  39  loss:  5120.4073486328125
epoch:  40  loss:  5107.4617919921875
epoch:  41  loss:  5109.9013671875
epoch:  42  loss:  5105.906982421875
epoch:  43  loss:  5093.4393310546875
epoch:  44  loss:  5096.7064208984375
epoch:  45  loss:  5080.7879638671875
epoch:  46  loss:  5075.3406982421875
epoch:  47  loss:  5069.8642578125
epoch:  48  loss:  5058.8946533203125
epoch:  49  loss:  5053.1544189453125
epoch:  50  loss:  5049.6417236328125
epoch:  51  loss:  5044.8692626953125
epoch:  52  loss:  5037.4849853515625
epoch:  53  loss:  5031.8779296875
epoch:  54  loss:  5032.2476806640625
epoch:  55  loss:  5026.8297119140625
epoch:  56  loss:  5007.84228515625
epoch:  57  loss:  5015.05029296875
epoch:  58  loss:  5001.6490478515625
epoch:  59  loss:  4999.0537109375
epoch:  60  loss:  4985.6077880859375
epoch:  61  loss:  4992.4853515625
epoch:  62  loss:  4977.7197265625
epoch:  63  loss:  4983.084228515625
epoch:  64  loss:  4968.55615234375
epoch:  65  loss:  4970.483642578125
epoch:  66  loss:  4961.0638427734375
epoch:  67  loss:  4958.0169677734375
epoch:  68  loss:  4961.861328125
epoch:  69  loss:  4955.39404296875
epoch:  70  loss:  4938.687744140625
epoch:  71  loss:  4934.3995361328125
epoch:  72  loss:  4937.69287109375
epoch:  73  loss:  4927.2188720703125
epoch:  74  loss:  4930.6175537109375
epoch:  75  loss:  4918.0335693359375
epoch:  76  loss:  4911.2926025390625
epoch:  77  loss:  4903.0626220703125
epoch:  78  loss:  4913.3094482421875
epoch:  79  loss:  4896.3546142578125
epoch:  80  loss:  4895.73828125
epoch:  81  loss:  4887.5281982421875
epoch:  82  loss:  4892.46484375
epoch:  83  loss:  4883.8533935546875
epoch:  84  loss:  4880.08251953125
epoch:  85  loss:  4882.114013671875
epoch:  86  loss:  4878.87060546875
epoch:  87  loss:  4878.2119140625
epoch:  88  loss:  4865.374755859375
epoch:  89  loss:  4854.7791748046875
epoch:  90  loss:  4851.3223876953125
epoch:  91  loss:  4855.005126953125
epoch:  92  loss:  4851.49853515625
epoch:  93  loss:  4844.9967041015625
epoch:  94  loss:  4842.83837890625
epoch:  95  loss:  4841.40234375
epoch:  96  loss:  4828.447998046875
epoch:  97  loss:  4835.5277099609375
epoch:  98  loss:  4825.062744140625
epoch:  99  loss:  4816.0059814453125
epoch:  100  loss:  4813.8848876953125
epoch:  101  loss:  4817.2401123046875
epoch:  102  loss:  4816.547119140625
epoch:  103  loss:  4812.1070556640625
epoch:  104  loss:  4802.5120849609375
epoch:  105  loss:  4799.192138671875
epoch:  106  loss:  4793.685302734375
epoch:  107  loss:  4795.6451416015625
epoch:  108  loss:  4789.3499755859375
epoch:  109  loss:  4783.70458984375
epoch:  110  loss:  4785.2413330078125
epoch:  111  loss:  4781.540283203125
epoch:  112  loss:  4770.630126953125
epoch:  113  loss:  4775.376953125
epoch:  114  loss:  4773.98583984375
epoch:  115  loss:  4765.9429931640625
epoch:  116  loss:  4767.567626953125
epoch:  117  loss:  4748.4677734375
epoch:  118  loss:  4762.12158203125
epoch:  119  loss:  4763.4566650390625
epoch:  120  loss:  4747.6221923828125
epoch:  121  loss:  4762.3902587890625
epoch:  122  loss:  4735.09228515625
epoch:  123  loss:  4725.31396484375
epoch:  124  loss:  4732.802001953125
epoch:  125  loss:  4740.5848388671875
epoch:  126  loss:  4719.4208984375
epoch:  127  loss:  4728.179931640625
epoch:  128  loss:  4721.9468994140625
epoch:  129  loss:  4720.2081298828125
epoch:  130  loss:  4716.6356201171875
epoch:  131  loss:  4723.305908203125
epoch:  132  loss:  4725.927490234375
epoch:  133  loss:  4702.58056640625
epoch:  134  loss:  4703.5885009765625
epoch:  135  loss:  4698.7557373046875
epoch:  136  loss:  4706.34326171875
epoch:  137  loss:  4705.9649658203125
epoch:  138  loss:  4698.96435546875
epoch:  139  loss:  4701.78564453125
epoch:  140  loss:  4696.229248046875
epoch:  141  loss:  4689.20556640625
epoch:  142  loss:  4687.8094482421875
epoch:  143  loss:  4709.67333984375
epoch:  144  loss:  4689.71728515625
epoch:  145  loss:  4692.144775390625
epoch:  146  loss:  4701.646728515625
epoch:  147  loss:  4696.320556640625
epoch:  148  loss:  4684.509521484375
epoch:  149  loss:  4690.0452880859375
epoch:  150  loss:  4679.6104736328125
epoch:  151  loss:  4686.002685546875
epoch:  152  loss:  4680.8388671875
epoch:  153  loss:  4669.003662109375
epoch:  154  loss:  4667.3759765625
epoch:  155  loss:  4673.757080078125
epoch:  156  loss:  4657.94287109375
epoch:  157  loss:  4647.8409423828125
epoch:  158  loss:  4668.1951904296875
epoch:  159  loss:  4663.4149169921875
epoch:  160  loss:  4666.6436767578125
epoch:  161  loss:  4649.1053466796875
epoch:  162  loss:  4670.4840087890625
epoch:  163  loss:  4651.1253662109375
epoch:  164  loss:  4665.3212890625
epoch:  165  loss:  4629.8226318359375
epoch:  166  loss:  4642.789794921875
epoch:  167  loss:  4640.7093505859375
epoch:  168  loss:  4666.3876953125
epoch:  169  loss:  4614.4874267578125
epoch:  170  loss:  4644.1468505859375
epoch:  171  loss:  4626.530029296875
epoch:  172  loss:  4638.498779296875
epoch:  173  loss:  4610.9609375
epoch:  174  loss:  4616.871826171875
epoch:  175  loss:  4621.9981689453125
epoch:  176  loss:  4626.8499755859375
epoch:  177  loss:  4611.9215087890625
epoch:  178  loss:  4611.106689453125
epoch:  179  loss:  4614.47900390625
epoch:  180  loss:  4617.9666748046875
epoch:  181  loss:  4622.9925537109375
epoch:  182  loss:  4605.3896484375
epoch:  183  loss:  4610.519775390625
epoch:  184  loss:  4616.8106689453125
epoch:  185  loss:  4629.8145751953125
epoch:  186  loss:  4612.4315185546875
epoch:  187  loss:  4621.85107421875
epoch:  188  loss:  4571.732666015625
epoch:  189  loss:  4592.681396484375
epoch:  190  loss:  4621.9678955078125
epoch:  191  loss:  4582.3145751953125
epoch:  192  loss:  4600.0762939453125
epoch:  193  loss:  4602.0269775390625
epoch:  194  loss:  4603.11572265625
epoch:  195  loss:  4601.058837890625
epoch:  196  loss:  4596.9150390625
epoch:  197  loss:  4604.0330810546875
epoch:  198  loss:  4566.0806884765625
epoch:  199  loss:  4589.4852294921875
epoch:  200  loss:  4555.8746337890625
0.948
