WARNING:tensorflow:From /home/liu/DMTE/code/DataSet.py:48: __init__ (from tensorflow.contrib.learn.python.learn.preprocessing.text) is deprecated and will be removed in a future version.
Instructions for updating:
Please use tensorflow/transform or tf.data.
WARNING:tensorflow:From /home/liu/anaconda2/lib/python2.7/site-packages/tensorflow/contrib/learn/python/learn/preprocessing/text.py:154: __init__ (from tensorflow.contrib.learn.python.learn.preprocessing.categorical_vocabulary) is deprecated and will be removed in a future version.
Instructions for updating:
Please use tensorflow/transform or tf.data.
WARNING:tensorflow:From /home/liu/anaconda2/lib/python2.7/site-packages/tensorflow/contrib/learn/python/learn/preprocessing/text.py:170: tokenizer (from tensorflow.contrib.learn.python.learn.preprocessing.text) is deprecated and will be removed in a future version.
Instructions for updating:
Please use tensorflow/transform or tf.data.
2019-04-11 11:24:19.001028: I tensorflow/core/platform/cpu_feature_guard.cc:141] Your CPU supports instructions that this TensorFlow binary was not compiled to use: AVX2 FMA
1000000
start training.......
epoch:  1  loss:  825.6605834960938
epoch:  2  loss:  824.535400390625
epoch:  3  loss:  817.2263793945312
epoch:  4  loss:  826.6768798828125
epoch:  5  loss:  800.6654052734375
epoch:  6  loss:  800.526123046875
epoch:  7  loss:  797.8612060546875
epoch:  8  loss:  804.2654418945312
epoch:  9  loss:  810.546142578125
epoch:  10  loss:  804.274169921875
epoch:  11  loss:  797.9407958984375
epoch:  12  loss:  786.2973022460938
epoch:  13  loss:  792.5508422851562
epoch:  14  loss:  797.3050537109375
epoch:  15  loss:  811.1317138671875
epoch:  16  loss:  808.338623046875
epoch:  17  loss:  813.4542846679688
epoch:  18  loss:  796.2884521484375
epoch:  19  loss:  766.4329833984375
epoch:  20  loss:  780.3825073242188
epoch:  21  loss:  764.0850830078125
epoch:  22  loss:  796.8973388671875
epoch:  23  loss:  759.3864135742188
epoch:  24  loss:  740.5870971679688
epoch:  25  loss:  746.343994140625
epoch:  26  loss:  700.4666137695312
epoch:  27  loss:  654.08349609375
epoch:  28  loss:  613.0562133789062
epoch:  29  loss:  588.42578125
epoch:  30  loss:  532.714599609375
epoch:  31  loss:  458.9200744628906
epoch:  32  loss:  426.8712158203125
epoch:  33  loss:  396.35748291015625
epoch:  34  loss:  370.11895751953125
epoch:  35  loss:  356.24847412109375
epoch:  36  loss:  343.9833068847656
epoch:  37  loss:  337.2446594238281
epoch:  38  loss:  333.02392578125
epoch:  39  loss:  332.59539794921875
epoch:  40  loss:  328.95062255859375
epoch:  41  loss:  328.17535400390625
epoch:  42  loss:  332.5191650390625
epoch:  43  loss:  329.4422607421875
epoch:  44  loss:  329.5086364746094
epoch:  45  loss:  330.6448974609375
epoch:  46  loss:  330.7674560546875
epoch:  47  loss:  330.2668762207031
epoch:  48  loss:  332.27789306640625
epoch:  49  loss:  329.2411804199219
epoch:  50  loss:  330.2587890625
epoch:  51  loss:  330.2418518066406
epoch:  52  loss:  331.0672607421875
epoch:  53  loss:  329.15283203125
epoch:  54  loss:  329.3555908203125
epoch:  55  loss:  330.33203125
epoch:  56  loss:  327.3307800292969
epoch:  57  loss:  330.0133056640625
epoch:  58  loss:  328.22314453125
epoch:  59  loss:  328.82330322265625
epoch:  60  loss:  326.376220703125
epoch:  61  loss:  325.6220703125
epoch:  62  loss:  326.8091125488281
epoch:  63  loss:  325.9873046875
epoch:  64  loss:  327.7794189453125
epoch:  65  loss:  323.8014221191406
epoch:  66  loss:  323.10137939453125
epoch:  67  loss:  325.7979431152344
epoch:  68  loss:  322.672119140625
epoch:  69  loss:  323.5869140625
epoch:  70  loss:  324.73138427734375
epoch:  71  loss:  323.1547546386719
epoch:  72  loss:  323.89886474609375
epoch:  73  loss:  321.80877685546875
epoch:  74  loss:  320.988525390625
epoch:  75  loss:  321.44140625
epoch:  76  loss:  322.90228271484375
epoch:  77  loss:  322.9576416015625
epoch:  78  loss:  319.61468505859375
epoch:  79  loss:  319.34747314453125
epoch:  80  loss:  319.3851318359375
epoch:  81  loss:  318.5339660644531
epoch:  82  loss:  319.0764465332031
epoch:  83  loss:  318.95343017578125
epoch:  84  loss:  318.5838623046875
epoch:  85  loss:  318.7566223144531
epoch:  86  loss:  318.7896423339844
epoch:  87  loss:  317.347412109375
epoch:  88  loss:  316.70025634765625
epoch:  89  loss:  317.981201171875
epoch:  90  loss:  318.2181396484375
epoch:  91  loss:  318.3960876464844
epoch:  92  loss:  318.05633544921875
epoch:  93  loss:  315.75665283203125
epoch:  94  loss:  316.6986083984375
epoch:  95  loss:  315.7771911621094
epoch:  96  loss:  316.2096862792969
epoch:  97  loss:  317.6479797363281
epoch:  98  loss:  316.1827392578125
epoch:  99  loss:  315.87786865234375
epoch:  100  loss:  315.5406188964844
epoch:  101  loss:  314.74371337890625
epoch:  102  loss:  313.7906188964844
epoch:  103  loss:  315.2927551269531
epoch:  104  loss:  316.1748046875
epoch:  105  loss:  314.1427001953125
epoch:  106  loss:  313.36260986328125
epoch:  107  loss:  312.906005859375
epoch:  108  loss:  312.334228515625
epoch:  109  loss:  312.9494323730469
epoch:  110  loss:  313.2715148925781
epoch:  111  loss:  314.643798828125
epoch:  112  loss:  313.5374755859375
epoch:  113  loss:  312.5400695800781
epoch:  114  loss:  312.7149658203125
epoch:  115  loss:  310.76849365234375
epoch:  116  loss:  312.92449951171875
epoch:  117  loss:  311.1979675292969
epoch:  118  loss:  312.86846923828125
epoch:  119  loss:  311.6915283203125
epoch:  120  loss:  312.4486083984375
epoch:  121  loss:  313.53924560546875
epoch:  122  loss:  311.88275146484375
epoch:  123  loss:  310.7543640136719
epoch:  124  loss:  311.7745361328125
epoch:  125  loss:  309.2410583496094
epoch:  126  loss:  312.10748291015625
epoch:  127  loss:  310.0966796875
epoch:  128  loss:  312.1856689453125
epoch:  129  loss:  312.5140075683594
epoch:  130  loss:  309.9386901855469
epoch:  131  loss:  311.13897705078125
epoch:  132  loss:  307.547607421875
epoch:  133  loss:  307.4019470214844
epoch:  134  loss:  309.939208984375
epoch:  135  loss:  306.65899658203125
epoch:  136  loss:  308.6431579589844
epoch:  137  loss:  309.9709167480469
epoch:  138  loss:  307.85498046875
epoch:  139  loss:  306.20330810546875
epoch:  140  loss:  309.29168701171875
epoch:  141  loss:  307.85455322265625
epoch:  142  loss:  307.1170654296875
epoch:  143  loss:  308.789306640625
epoch:  144  loss:  305.78326416015625
epoch:  145  loss:  307.7247009277344
epoch:  146  loss:  305.21527099609375
epoch:  147  loss:  305.21405029296875
epoch:  148  loss:  306.5237731933594
epoch:  149  loss:  308.04400634765625
epoch:  150  loss:  305.15411376953125
epoch:  151  loss:  307.3240966796875
epoch:  152  loss:  306.312744140625
epoch:  153  loss:  304.797119140625
epoch:  154  loss:  305.638427734375
epoch:  155  loss:  302.8348693847656
epoch:  156  loss:  304.66925048828125
epoch:  157  loss:  306.99102783203125
epoch:  158  loss:  303.9100341796875
epoch:  159  loss:  305.5836181640625
epoch:  160  loss:  303.7079772949219
epoch:  161  loss:  303.3187255859375
epoch:  162  loss:  306.2619934082031
epoch:  163  loss:  303.3794250488281
epoch:  164  loss:  306.89337158203125
epoch:  165  loss:  304.0321044921875
epoch:  166  loss:  299.9216003417969
epoch:  167  loss:  303.9705810546875
epoch:  168  loss:  307.26611328125
epoch:  169  loss:  305.1881103515625
epoch:  170  loss:  302.162109375
epoch:  171  loss:  305.76287841796875
epoch:  172  loss:  303.3780517578125
epoch:  173  loss:  304.45782470703125
epoch:  174  loss:  307.4630126953125
epoch:  175  loss:  305.56390380859375
epoch:  176  loss:  302.837890625
epoch:  177  loss:  300.746337890625
epoch:  178  loss:  303.887939453125
epoch:  179  loss:  302.91351318359375
epoch:  180  loss:  300.8621520996094
epoch:  181  loss:  303.1977233886719
epoch:  182  loss:  298.5434265136719
epoch:  183  loss:  301.00457763671875
epoch:  184  loss:  304.19708251953125
epoch:  185  loss:  301.38018798828125
epoch:  186  loss:  299.769287109375
epoch:  187  loss:  301.87908935546875
epoch:  188  loss:  299.9349670410156
epoch:  189  loss:  298.32861328125
epoch:  190  loss:  298.5019226074219
epoch:  191  loss:  299.595703125
epoch:  192  loss:  298.692626953125
epoch:  193  loss:  298.5697021484375
epoch:  194  loss:  302.59576416015625
epoch:  195  loss:  299.7970886230469
epoch:  196  loss:  296.72088623046875
epoch:  197  loss:  297.83197021484375
epoch:  198  loss:  302.4166259765625
epoch:  199  loss:  302.98724365234375
epoch:  200  loss:  298.8943176269531
0.75
