WARNING:tensorflow:From /home/liu/DMTE/code/DataSet.py:48: __init__ (from tensorflow.contrib.learn.python.learn.preprocessing.text) is deprecated and will be removed in a future version.
Instructions for updating:
Please use tensorflow/transform or tf.data.
WARNING:tensorflow:From /home/liu/anaconda2/lib/python2.7/site-packages/tensorflow/contrib/learn/python/learn/preprocessing/text.py:154: __init__ (from tensorflow.contrib.learn.python.learn.preprocessing.categorical_vocabulary) is deprecated and will be removed in a future version.
Instructions for updating:
Please use tensorflow/transform or tf.data.
WARNING:tensorflow:From /home/liu/anaconda2/lib/python2.7/site-packages/tensorflow/contrib/learn/python/learn/preprocessing/text.py:170: tokenizer (from tensorflow.contrib.learn.python.learn.preprocessing.text) is deprecated and will be removed in a future version.
Instructions for updating:
Please use tensorflow/transform or tf.data.
2019-03-21 11:58:22.716156: I tensorflow/core/platform/cpu_feature_guard.cc:141] Your CPU supports instructions that this TensorFlow binary was not compiled to use: AVX2 FMA
1000000
start training.......
epoch:  1  loss:  36172.59423828125
epoch:  2  loss:  34166.358154296875
epoch:  3  loss:  19894.9521484375
epoch:  4  loss:  15020.566162109375
epoch:  5  loss:  14781.302856445312
epoch:  6  loss:  14577.1484375
epoch:  7  loss:  14495.681396484375
epoch:  8  loss:  14433.755981445312
epoch:  9  loss:  14382.7880859375
epoch:  10  loss:  14326.098876953125
epoch:  11  loss:  14282.191772460938
epoch:  12  loss:  14231.853637695312
epoch:  13  loss:  14175.97021484375
epoch:  14  loss:  14132.640625
epoch:  15  loss:  14080.407348632812
epoch:  16  loss:  14025.677612304688
epoch:  17  loss:  13956.075073242188
epoch:  18  loss:  13895.62353515625
epoch:  19  loss:  13806.815673828125
epoch:  20  loss:  13717.224365234375
epoch:  21  loss:  13606.14892578125
epoch:  22  loss:  13522.053955078125
epoch:  23  loss:  13409.00048828125
epoch:  24  loss:  13311.306518554688
epoch:  25  loss:  13182.5263671875
epoch:  26  loss:  13036.984375
epoch:  27  loss:  13003.766235351562
epoch:  28  loss:  12861.030395507812
epoch:  29  loss:  12785.565795898438
epoch:  30  loss:  12676.637084960938
epoch:  31  loss:  12610.348510742188
epoch:  32  loss:  12629.810424804688
epoch:  33  loss:  12499.282958984375
epoch:  34  loss:  12500.49267578125
epoch:  35  loss:  12420.097534179688
epoch:  36  loss:  12316.776611328125
epoch:  37  loss:  12280.30126953125
epoch:  38  loss:  12246.231811523438
epoch:  39  loss:  12224.3388671875
epoch:  40  loss:  12218.99951171875
epoch:  41  loss:  12172.86572265625
epoch:  42  loss:  12080.536865234375
epoch:  43  loss:  12039.306640625
epoch:  44  loss:  12031.135498046875
epoch:  45  loss:  12065.934448242188
epoch:  46  loss:  11944.688598632812
epoch:  47  loss:  11979.951171875
epoch:  48  loss:  11907.05322265625
epoch:  49  loss:  11887.932006835938
epoch:  50  loss:  11798.759765625
epoch:  51  loss:  11800.333129882812
epoch:  52  loss:  11811.908569335938
epoch:  53  loss:  11719.622802734375
epoch:  54  loss:  11773.806518554688
epoch:  55  loss:  11777.371337890625
epoch:  56  loss:  11690.442504882812
epoch:  57  loss:  11673.0048828125
epoch:  58  loss:  11664.077880859375
epoch:  59  loss:  11595.7431640625
epoch:  60  loss:  11563.112060546875
epoch:  61  loss:  11613.825561523438
epoch:  62  loss:  11565.453369140625
epoch:  63  loss:  11462.79443359375
epoch:  64  loss:  11475.222961425781
epoch:  65  loss:  11481.619689941406
epoch:  66  loss:  11474.978637695312
epoch:  67  loss:  11364.023071289062
epoch:  68  loss:  11357.512390136719
epoch:  69  loss:  11415.451965332031
epoch:  70  loss:  11432.051330566406
epoch:  71  loss:  11403.910949707031
epoch:  72  loss:  11333.62353515625
epoch:  73  loss:  11396.617126464844
epoch:  74  loss:  11280.415161132812
epoch:  75  loss:  11250.454223632812
epoch:  76  loss:  11312.279113769531
epoch:  77  loss:  11233.60595703125
epoch:  78  loss:  11211.480285644531
epoch:  79  loss:  11236.545959472656
epoch:  80  loss:  11172.848937988281
epoch:  81  loss:  11213.124755859375
epoch:  82  loss:  11148.992980957031
epoch:  83  loss:  11136.675109863281
epoch:  84  loss:  11128.035400390625
epoch:  85  loss:  11087.825927734375
epoch:  86  loss:  11109.197387695312
epoch:  87  loss:  11150.894958496094
epoch:  88  loss:  11103.219177246094
epoch:  89  loss:  11090.102294921875
epoch:  90  loss:  11044.832946777344
epoch:  91  loss:  10998.255859375
epoch:  92  loss:  11005.507568359375
epoch:  93  loss:  11038.213806152344
epoch:  94  loss:  11037.265991210938
epoch:  95  loss:  11032.580505371094
epoch:  96  loss:  10883.357727050781
epoch:  97  loss:  10912.996520996094
epoch:  98  loss:  10922.109069824219
epoch:  99  loss:  10989.937316894531
epoch:  100  loss:  10978.221801757812
epoch:  101  loss:  10883.437133789062
epoch:  102  loss:  10946.853088378906
epoch:  103  loss:  10832.781860351562
epoch:  104  loss:  10939.91845703125
epoch:  105  loss:  10845.08642578125
epoch:  106  loss:  10842.480102539062
epoch:  107  loss:  10829.013244628906
epoch:  108  loss:  10836.06640625
epoch:  109  loss:  10733.513610839844
epoch:  110  loss:  10824.087036132812
epoch:  111  loss:  10867.971008300781
epoch:  112  loss:  10794.439147949219
epoch:  113  loss:  10730.297241210938
epoch:  114  loss:  10777.481750488281
epoch:  115  loss:  10809.669128417969
epoch:  116  loss:  10763.946228027344
epoch:  117  loss:  10704.181030273438
epoch:  118  loss:  10713.122375488281
epoch:  119  loss:  10722.944274902344
epoch:  120  loss:  10624.472473144531
epoch:  121  loss:  10718.953491210938
epoch:  122  loss:  10766.561706542969
epoch:  123  loss:  10769.348815917969
epoch:  124  loss:  10606.283325195312
epoch:  125  loss:  10657.519348144531
epoch:  126  loss:  10621.395202636719
epoch:  127  loss:  10590.151000976562
epoch:  128  loss:  10634.537475585938
epoch:  129  loss:  10645.866638183594
epoch:  130  loss:  10564.637390136719
epoch:  131  loss:  10630.510192871094
epoch:  132  loss:  10554.992980957031
epoch:  133  loss:  10634.904724121094
epoch:  134  loss:  10494.321533203125
epoch:  135  loss:  10605.207641601562
epoch:  136  loss:  10514.734313964844
epoch:  137  loss:  10609.280822753906
epoch:  138  loss:  10586.697265625
epoch:  139  loss:  10505.40234375
epoch:  140  loss:  10547.984741210938
epoch:  141  loss:  10604.935791015625
epoch:  142  loss:  10485.818054199219
epoch:  143  loss:  10579.090759277344
epoch:  144  loss:  10495.301147460938
epoch:  145  loss:  10488.979248046875
epoch:  146  loss:  10559.436401367188
epoch:  147  loss:  10533.544372558594
epoch:  148  loss:  10428.272766113281
epoch:  149  loss:  10481.077270507812
epoch:  150  loss:  10492.926818847656
epoch:  151  loss:  10476.417419433594
epoch:  152  loss:  10512.208190917969
epoch:  153  loss:  10490.090148925781
epoch:  154  loss:  10458.22607421875
epoch:  155  loss:  10388.160827636719
epoch:  156  loss:  10470.507568359375
epoch:  157  loss:  10462.092529296875
epoch:  158  loss:  10441.073547363281
epoch:  159  loss:  10488.628295898438
epoch:  160  loss:  10412.619873046875
epoch:  161  loss:  10451.797546386719
epoch:  162  loss:  10460.859252929688
epoch:  163  loss:  10358.722412109375
epoch:  164  loss:  10429.477783203125
epoch:  165  loss:  10388.174377441406
epoch:  166  loss:  10407.578002929688
epoch:  167  loss:  10309.705688476562
epoch:  168  loss:  10373.189880371094
epoch:  169  loss:  10482.731811523438
epoch:  170  loss:  10383.204223632812
epoch:  171  loss:  10406.395568847656
epoch:  172  loss:  10385.054504394531
epoch:  173  loss:  10339.598266601562
epoch:  174  loss:  10331.964782714844
epoch:  175  loss:  10306.608947753906
epoch:  176  loss:  10266.302551269531
epoch:  177  loss:  10372.054077148438
epoch:  178  loss:  10375.470153808594
epoch:  179  loss:  10277.524108886719
epoch:  180  loss:  10337.941284179688
epoch:  181  loss:  10347.955017089844
epoch:  182  loss:  10304.662780761719
epoch:  183  loss:  10344.547912597656
epoch:  184  loss:  10319.343933105469
epoch:  185  loss:  10369.518127441406
epoch:  186  loss:  10290.548095703125
epoch:  187  loss:  10294.444702148438
epoch:  188  loss:  10307.122924804688
epoch:  189  loss:  10260.829467773438
epoch:  190  loss:  10324.214721679688
epoch:  191  loss:  10235.991149902344
epoch:  192  loss:  10388.559814453125
epoch:  193  loss:  10288.909606933594
epoch:  194  loss:  10239.246032714844
epoch:  195  loss:  10369.523559570312
epoch:  196  loss:  10227.424682617188
epoch:  197  loss:  10365.75927734375
epoch:  198  loss:  10267.557312011719
epoch:  199  loss:  10228.82958984375
epoch:  200  loss:  10313.505859375
0.943466666667
