WARNING:tensorflow:From /home/liu/DMTE/code/DataSet.py:48: __init__ (from tensorflow.contrib.learn.python.learn.preprocessing.text) is deprecated and will be removed in a future version.
Instructions for updating:
Please use tensorflow/transform or tf.data.
WARNING:tensorflow:From /home/liu/anaconda2/lib/python2.7/site-packages/tensorflow/contrib/learn/python/learn/preprocessing/text.py:154: __init__ (from tensorflow.contrib.learn.python.learn.preprocessing.categorical_vocabulary) is deprecated and will be removed in a future version.
Instructions for updating:
Please use tensorflow/transform or tf.data.
WARNING:tensorflow:From /home/liu/anaconda2/lib/python2.7/site-packages/tensorflow/contrib/learn/python/learn/preprocessing/text.py:170: tokenizer (from tensorflow.contrib.learn.python.learn.preprocessing.text) is deprecated and will be removed in a future version.
Instructions for updating:
Please use tensorflow/transform or tf.data.
2019-04-11 11:38:31.800728: I tensorflow/core/platform/cpu_feature_guard.cc:141] Your CPU supports instructions that this TensorFlow binary was not compiled to use: AVX2 FMA
1000000
start training.......
epoch:  1  loss:  579.80712890625
epoch:  2  loss:  622.5752563476562
epoch:  3  loss:  643.6585693359375
epoch:  4  loss:  625.420166015625
epoch:  5  loss:  569.0045776367188
epoch:  6  loss:  620.7504272460938
epoch:  7  loss:  596.9347534179688
epoch:  8  loss:  599.7288818359375
epoch:  9  loss:  638.0698852539062
epoch:  10  loss:  598.6674194335938
epoch:  11  loss:  588.9793701171875
epoch:  12  loss:  578.6126708984375
epoch:  13  loss:  586.9515380859375
epoch:  14  loss:  583.67236328125
epoch:  15  loss:  598.414306640625
epoch:  16  loss:  615.0667724609375
epoch:  17  loss:  591.8768920898438
epoch:  18  loss:  566.6044921875
epoch:  19  loss:  520.1070556640625
epoch:  20  loss:  574.2553100585938
epoch:  21  loss:  561.689697265625
epoch:  22  loss:  541.0776977539062
epoch:  23  loss:  530.1098022460938
epoch:  24  loss:  582.0036010742188
epoch:  25  loss:  553.32666015625
epoch:  26  loss:  528.5379638671875
epoch:  27  loss:  542.7400512695312
epoch:  28  loss:  560.6002197265625
epoch:  29  loss:  537.2047119140625
epoch:  30  loss:  456.1186218261719
epoch:  31  loss:  434.122802734375
epoch:  32  loss:  403.5367431640625
epoch:  33  loss:  392.31103515625
epoch:  34  loss:  364.4856872558594
epoch:  35  loss:  359.2406005859375
epoch:  36  loss:  354.2230224609375
epoch:  37  loss:  341.63482666015625
epoch:  38  loss:  345.03802490234375
epoch:  39  loss:  333.71649169921875
epoch:  40  loss:  339.309326171875
epoch:  41  loss:  334.70123291015625
epoch:  42  loss:  332.20440673828125
epoch:  43  loss:  335.8914794921875
epoch:  44  loss:  332.7255859375
epoch:  45  loss:  335.5880432128906
epoch:  46  loss:  334.08935546875
epoch:  47  loss:  332.8959655761719
epoch:  48  loss:  332.360595703125
epoch:  49  loss:  332.3276062011719
epoch:  50  loss:  333.0494384765625
epoch:  51  loss:  334.4622802734375
epoch:  52  loss:  331.50830078125
epoch:  53  loss:  330.5458984375
epoch:  54  loss:  326.97052001953125
epoch:  55  loss:  329.3106994628906
epoch:  56  loss:  328.0400390625
epoch:  57  loss:  329.0919494628906
epoch:  58  loss:  325.685302734375
epoch:  59  loss:  325.3197326660156
epoch:  60  loss:  326.933837890625
epoch:  61  loss:  324.5086669921875
epoch:  62  loss:  325.00836181640625
epoch:  63  loss:  324.654541015625
epoch:  64  loss:  324.4902038574219
epoch:  65  loss:  325.12188720703125
epoch:  66  loss:  324.83355712890625
epoch:  67  loss:  323.99346923828125
epoch:  68  loss:  323.9526672363281
epoch:  69  loss:  324.3563537597656
epoch:  70  loss:  323.70343017578125
epoch:  71  loss:  322.70477294921875
epoch:  72  loss:  323.1275329589844
epoch:  73  loss:  321.2052917480469
epoch:  74  loss:  320.1614074707031
epoch:  75  loss:  321.3782958984375
epoch:  76  loss:  320.5179443359375
epoch:  77  loss:  322.0335693359375
epoch:  78  loss:  321.3500061035156
epoch:  79  loss:  321.594482421875
epoch:  80  loss:  319.7047424316406
epoch:  81  loss:  319.56573486328125
epoch:  82  loss:  320.091796875
epoch:  83  loss:  319.89093017578125
epoch:  84  loss:  320.13726806640625
epoch:  85  loss:  319.40032958984375
epoch:  86  loss:  319.14501953125
epoch:  87  loss:  319.5478515625
epoch:  88  loss:  320.5649108886719
epoch:  89  loss:  317.93280029296875
epoch:  90  loss:  318.4686279296875
epoch:  91  loss:  317.1783447265625
epoch:  92  loss:  317.49658203125
epoch:  93  loss:  319.670166015625
epoch:  94  loss:  316.7181091308594
epoch:  95  loss:  318.4563293457031
epoch:  96  loss:  318.50787353515625
epoch:  97  loss:  317.0698547363281
epoch:  98  loss:  317.0087890625
epoch:  99  loss:  316.8807678222656
epoch:  100  loss:  317.1636962890625
epoch:  101  loss:  316.66473388671875
epoch:  102  loss:  318.455322265625
epoch:  103  loss:  316.48565673828125
epoch:  104  loss:  315.9385986328125
epoch:  105  loss:  315.7074890136719
epoch:  106  loss:  316.08367919921875
epoch:  107  loss:  317.50946044921875
epoch:  108  loss:  315.32269287109375
epoch:  109  loss:  315.2285461425781
epoch:  110  loss:  314.8808898925781
epoch:  111  loss:  314.9356384277344
epoch:  112  loss:  316.0341796875
epoch:  113  loss:  314.7998046875
epoch:  114  loss:  316.2449951171875
epoch:  115  loss:  314.71185302734375
epoch:  116  loss:  313.5550537109375
epoch:  117  loss:  315.3198547363281
epoch:  118  loss:  314.422607421875
epoch:  119  loss:  313.1953125
epoch:  120  loss:  313.4683837890625
epoch:  121  loss:  313.97589111328125
epoch:  122  loss:  312.1925048828125
epoch:  123  loss:  312.48370361328125
epoch:  124  loss:  312.88818359375
epoch:  125  loss:  312.0357666015625
epoch:  126  loss:  313.5275573730469
epoch:  127  loss:  312.45001220703125
epoch:  128  loss:  311.3372802734375
epoch:  129  loss:  312.37030029296875
epoch:  130  loss:  310.1613464355469
epoch:  131  loss:  312.22613525390625
epoch:  132  loss:  312.87530517578125
epoch:  133  loss:  313.6305236816406
epoch:  134  loss:  311.7308349609375
epoch:  135  loss:  312.0800476074219
epoch:  136  loss:  311.4070129394531
epoch:  137  loss:  310.00927734375
epoch:  138  loss:  310.7456970214844
epoch:  139  loss:  312.2621765136719
epoch:  140  loss:  311.215087890625
epoch:  141  loss:  311.9015808105469
epoch:  142  loss:  310.76666259765625
epoch:  143  loss:  309.84368896484375
epoch:  144  loss:  310.8947448730469
epoch:  145  loss:  309.6014404296875
epoch:  146  loss:  310.32244873046875
epoch:  147  loss:  309.0098876953125
epoch:  148  loss:  309.88922119140625
epoch:  149  loss:  308.7919921875
epoch:  150  loss:  308.64105224609375
epoch:  151  loss:  309.16864013671875
epoch:  152  loss:  308.3206481933594
epoch:  153  loss:  307.638427734375
epoch:  154  loss:  309.0072021484375
epoch:  155  loss:  307.2353515625
epoch:  156  loss:  309.1353759765625
epoch:  157  loss:  308.44024658203125
epoch:  158  loss:  307.06085205078125
epoch:  159  loss:  309.4853515625
epoch:  160  loss:  308.29571533203125
epoch:  161  loss:  307.64837646484375
epoch:  162  loss:  307.98974609375
epoch:  163  loss:  307.32525634765625
epoch:  164  loss:  308.36669921875
epoch:  165  loss:  308.4357604980469
epoch:  166  loss:  306.68951416015625
epoch:  167  loss:  306.07525634765625
epoch:  168  loss:  306.6343078613281
epoch:  169  loss:  306.4776611328125
epoch:  170  loss:  306.713623046875
epoch:  171  loss:  305.00799560546875
epoch:  172  loss:  307.08197021484375
epoch:  173  loss:  306.82275390625
epoch:  174  loss:  306.9288330078125
epoch:  175  loss:  305.9697265625
epoch:  176  loss:  305.59100341796875
epoch:  177  loss:  305.4166564941406
epoch:  178  loss:  305.84185791015625
epoch:  179  loss:  306.760009765625
epoch:  180  loss:  305.5143127441406
epoch:  181  loss:  304.11444091796875
epoch:  182  loss:  303.87677001953125
epoch:  183  loss:  305.12353515625
epoch:  184  loss:  306.583251953125
epoch:  185  loss:  304.73419189453125
epoch:  186  loss:  304.5946044921875
epoch:  187  loss:  305.11590576171875
epoch:  188  loss:  305.4859619140625
epoch:  189  loss:  304.6258239746094
epoch:  190  loss:  303.9579162597656
epoch:  191  loss:  303.310791015625
epoch:  192  loss:  305.5839538574219
epoch:  193  loss:  304.0286865234375
epoch:  194  loss:  305.14398193359375
epoch:  195  loss:  304.34930419921875
epoch:  196  loss:  302.4465026855469
epoch:  197  loss:  304.841552734375
epoch:  198  loss:  302.5126953125
epoch:  199  loss:  303.9937438964844
epoch:  200  loss:  303.6429138183594
1.0
