WARNING:tensorflow:From /home/liu/DMTE/code/DataSet.py:48: __init__ (from tensorflow.contrib.learn.python.learn.preprocessing.text) is deprecated and will be removed in a future version.
Instructions for updating:
Please use tensorflow/transform or tf.data.
WARNING:tensorflow:From /home/liu/anaconda2/lib/python2.7/site-packages/tensorflow/contrib/learn/python/learn/preprocessing/text.py:154: __init__ (from tensorflow.contrib.learn.python.learn.preprocessing.categorical_vocabulary) is deprecated and will be removed in a future version.
Instructions for updating:
Please use tensorflow/transform or tf.data.
WARNING:tensorflow:From /home/liu/anaconda2/lib/python2.7/site-packages/tensorflow/contrib/learn/python/learn/preprocessing/text.py:170: tokenizer (from tensorflow.contrib.learn.python.learn.preprocessing.text) is deprecated and will be removed in a future version.
Instructions for updating:
Please use tensorflow/transform or tf.data.
2019-03-20 18:24:40.077536: I tensorflow/core/platform/cpu_feature_guard.cc:141] Your CPU supports instructions that this TensorFlow binary was not compiled to use: AVX2 FMA
2019-03-20 18:24:42.876113: W tensorflow/core/framework/allocator.cc:122] Allocation of 184320000 exceeds 10% of system memory.
2019-03-20 18:24:43.455700: W tensorflow/core/framework/allocator.cc:122] Allocation of 184320000 exceeds 10% of system memory.
2019-03-20 18:24:44.066196: W tensorflow/core/framework/allocator.cc:122] Allocation of 184320000 exceeds 10% of system memory.
2019-03-20 18:24:44.674922: W tensorflow/core/framework/allocator.cc:122] Allocation of 184320000 exceeds 10% of system memory.
2019-03-20 18:24:45.268119: W tensorflow/core/framework/allocator.cc:122] Allocation of 184320000 exceeds 10% of system memory.
1000000
start training.......
epoch:  1  loss:  2835.791748046875
epoch:  2  loss:  2722.52197265625
epoch:  3  loss:  2748.4599609375
epoch:  4  loss:  2753.024658203125
epoch:  5  loss:  2707.71923828125
epoch:  6  loss:  2637.6689453125
epoch:  7  loss:  2686.939453125
epoch:  8  loss:  2661.557861328125
epoch:  9  loss:  2682.07470703125
epoch:  10  loss:  2656.36376953125
epoch:  11  loss:  2636.658447265625
epoch:  12  loss:  2686.974853515625
epoch:  13  loss:  2563.74365234375
epoch:  14  loss:  2627.42041015625
epoch:  15  loss:  2635.842041015625
epoch:  16  loss:  2601.4853515625
epoch:  17  loss:  2646.9326171875
epoch:  18  loss:  2658.6611328125
epoch:  19  loss:  2561.65087890625
epoch:  20  loss:  2579.215576171875
epoch:  21  loss:  2583.12158203125
epoch:  22  loss:  2552.80126953125
epoch:  23  loss:  2518.8369140625
epoch:  24  loss:  2521.63623046875
epoch:  25  loss:  2530.096923828125
epoch:  26  loss:  2554.7177734375
epoch:  27  loss:  2555.9091796875
epoch:  28  loss:  2553.061279296875
epoch:  29  loss:  2424.863525390625
epoch:  30  loss:  2532.081298828125
epoch:  31  loss:  2540.3662109375
epoch:  32  loss:  2457.8115234375
epoch:  33  loss:  2407.932861328125
epoch:  34  loss:  2376.2900390625
epoch:  35  loss:  2179.99755859375
epoch:  36  loss:  2078.6923828125
epoch:  37  loss:  1880.9185791015625
epoch:  38  loss:  1722.5301513671875
epoch:  39  loss:  1602.5152587890625
epoch:  40  loss:  1520.759033203125
epoch:  41  loss:  1437.813720703125
epoch:  42  loss:  1394.4715576171875
epoch:  43  loss:  1363.3712158203125
epoch:  44  loss:  1344.716064453125
epoch:  45  loss:  1342.1141357421875
epoch:  46  loss:  1340.173828125
epoch:  47  loss:  1329.7506103515625
epoch:  48  loss:  1319.2830810546875
epoch:  49  loss:  1325.7198486328125
epoch:  50  loss:  1316.0537109375
epoch:  51  loss:  1327.42919921875
epoch:  52  loss:  1313.9619140625
epoch:  53  loss:  1310.7474365234375
epoch:  54  loss:  1312.693359375
epoch:  55  loss:  1309.2513427734375
epoch:  56  loss:  1308.921875
epoch:  57  loss:  1305.028564453125
epoch:  58  loss:  1309.305419921875
epoch:  59  loss:  1304.7960205078125
epoch:  60  loss:  1302.309814453125
epoch:  61  loss:  1303.78125
epoch:  62  loss:  1302.02783203125
epoch:  63  loss:  1298.2225341796875
epoch:  64  loss:  1294.515380859375
epoch:  65  loss:  1294.009033203125
epoch:  66  loss:  1289.2486572265625
epoch:  67  loss:  1296.344482421875
epoch:  68  loss:  1290.10205078125
epoch:  69  loss:  1286.46240234375
epoch:  70  loss:  1285.702880859375
epoch:  71  loss:  1281.58349609375
epoch:  72  loss:  1280.9959716796875
epoch:  73  loss:  1282.5015869140625
epoch:  74  loss:  1276.0079345703125
epoch:  75  loss:  1275.21240234375
epoch:  76  loss:  1274.80322265625
epoch:  77  loss:  1274.385986328125
epoch:  78  loss:  1276.3089599609375
epoch:  79  loss:  1272.63818359375
epoch:  80  loss:  1273.5128173828125
epoch:  81  loss:  1269.718017578125
epoch:  82  loss:  1268.49853515625
epoch:  83  loss:  1268.4876708984375
epoch:  84  loss:  1268.552734375
epoch:  85  loss:  1265.669189453125
epoch:  86  loss:  1267.865478515625
epoch:  87  loss:  1267.3203125
epoch:  88  loss:  1263.753662109375
epoch:  89  loss:  1263.54443359375
epoch:  90  loss:  1262.991455078125
epoch:  91  loss:  1259.84326171875
epoch:  92  loss:  1261.53125
epoch:  93  loss:  1262.676025390625
epoch:  94  loss:  1261.7125244140625
epoch:  95  loss:  1260.247802734375
epoch:  96  loss:  1258.583740234375
epoch:  97  loss:  1257.09130859375
epoch:  98  loss:  1257.09521484375
epoch:  99  loss:  1256.960205078125
epoch:  100  loss:  1254.7889404296875
epoch:  101  loss:  1254.5001220703125
epoch:  102  loss:  1253.4827880859375
epoch:  103  loss:  1250.42041015625
epoch:  104  loss:  1254.279541015625
epoch:  105  loss:  1252.845703125
epoch:  106  loss:  1253.6484375
epoch:  107  loss:  1247.2152099609375
epoch:  108  loss:  1246.808837890625
epoch:  109  loss:  1250.742919921875
epoch:  110  loss:  1250.46484375
epoch:  111  loss:  1248.59375
epoch:  112  loss:  1250.204345703125
epoch:  113  loss:  1245.0340576171875
epoch:  114  loss:  1248.0843505859375
epoch:  115  loss:  1246.866943359375
epoch:  116  loss:  1245.9500732421875
epoch:  117  loss:  1246.2802734375
epoch:  118  loss:  1244.794921875
epoch:  119  loss:  1243.615234375
epoch:  120  loss:  1242.1077880859375
epoch:  121  loss:  1242.055419921875
epoch:  122  loss:  1243.2022705078125
epoch:  123  loss:  1241.6807861328125
epoch:  124  loss:  1239.7265625
epoch:  125  loss:  1241.02099609375
epoch:  126  loss:  1235.430908203125
epoch:  127  loss:  1235.64208984375
epoch:  128  loss:  1239.508544921875
epoch:  129  loss:  1239.6300048828125
epoch:  130  loss:  1237.36669921875
epoch:  131  loss:  1239.55712890625
epoch:  132  loss:  1237.1068115234375
epoch:  133  loss:  1233.8275146484375
epoch:  134  loss:  1235.316162109375
epoch:  135  loss:  1232.40234375
epoch:  136  loss:  1234.704345703125
epoch:  137  loss:  1231.932373046875
epoch:  138  loss:  1230.013427734375
epoch:  139  loss:  1230.5447998046875
epoch:  140  loss:  1232.7939453125
epoch:  141  loss:  1231.655029296875
epoch:  142  loss:  1232.905517578125
epoch:  143  loss:  1231.33935546875
epoch:  144  loss:  1226.668701171875
epoch:  145  loss:  1229.43359375
epoch:  146  loss:  1229.6923828125
epoch:  147  loss:  1226.64208984375
epoch:  148  loss:  1227.0423583984375
epoch:  149  loss:  1226.0572509765625
epoch:  150  loss:  1226.54638671875
epoch:  151  loss:  1223.825439453125
epoch:  152  loss:  1226.346923828125
epoch:  153  loss:  1224.168212890625
epoch:  154  loss:  1220.985107421875
epoch:  155  loss:  1223.7694091796875
epoch:  156  loss:  1220.7445068359375
epoch:  157  loss:  1221.060546875
epoch:  158  loss:  1223.6585693359375
epoch:  159  loss:  1225.25
epoch:  160  loss:  1222.052001953125
epoch:  161  loss:  1224.525146484375
epoch:  162  loss:  1218.9364013671875
epoch:  163  loss:  1220.504150390625
epoch:  164  loss:  1220.326416015625
epoch:  165  loss:  1219.9029541015625
epoch:  166  loss:  1216.28076171875
epoch:  167  loss:  1217.9102783203125
epoch:  168  loss:  1216.34521484375
epoch:  169  loss:  1216.5830078125
epoch:  170  loss:  1213.735107421875
epoch:  171  loss:  1214.156494140625
epoch:  172  loss:  1218.9769287109375
epoch:  173  loss:  1212.44140625
epoch:  174  loss:  1215.35888671875
epoch:  175  loss:  1213.341552734375
epoch:  176  loss:  1211.115234375
epoch:  177  loss:  1213.751953125
epoch:  178  loss:  1213.587890625
epoch:  179  loss:  1211.375
epoch:  180  loss:  1212.0404052734375
epoch:  181  loss:  1209.035400390625
epoch:  182  loss:  1212.08740234375
epoch:  183  loss:  1209.23486328125
epoch:  184  loss:  1207.6639404296875
epoch:  185  loss:  1211.6396484375
epoch:  186  loss:  1212.778564453125
epoch:  187  loss:  1207.1485595703125
epoch:  188  loss:  1209.5380859375
epoch:  189  loss:  1205.78564453125
epoch:  190  loss:  1207.823486328125
epoch:  191  loss:  1208.1767578125
epoch:  192  loss:  1204.820068359375
epoch:  193  loss:  1208.19482421875
epoch:  194  loss:  1205.057373046875
epoch:  195  loss:  1208.0380859375
epoch:  196  loss:  1206.51708984375
epoch:  197  loss:  1205.2916259765625
epoch:  198  loss:  1205.632568359375
epoch:  199  loss:  1206.3603515625
epoch:  200  loss:  1205.908203125
0.653721682848
