WARNING:tensorflow:From /home/liu/DMTE/code/DataSet.py:48: __init__ (from tensorflow.contrib.learn.python.learn.preprocessing.text) is deprecated and will be removed in a future version.
Instructions for updating:
Please use tensorflow/transform or tf.data.
WARNING:tensorflow:From /home/liu/anaconda2/lib/python2.7/site-packages/tensorflow/contrib/learn/python/learn/preprocessing/text.py:154: __init__ (from tensorflow.contrib.learn.python.learn.preprocessing.categorical_vocabulary) is deprecated and will be removed in a future version.
Instructions for updating:
Please use tensorflow/transform or tf.data.
WARNING:tensorflow:From /home/liu/anaconda2/lib/python2.7/site-packages/tensorflow/contrib/learn/python/learn/preprocessing/text.py:170: tokenizer (from tensorflow.contrib.learn.python.learn.preprocessing.text) is deprecated and will be removed in a future version.
Instructions for updating:
Please use tensorflow/transform or tf.data.
2019-03-20 18:35:28.933376: I tensorflow/core/platform/cpu_feature_guard.cc:141] Your CPU supports instructions that this TensorFlow binary was not compiled to use: AVX2 FMA
2019-03-20 18:35:31.889280: W tensorflow/core/framework/allocator.cc:122] Allocation of 184320000 exceeds 10% of system memory.
2019-03-20 18:35:32.552901: W tensorflow/core/framework/allocator.cc:122] Allocation of 184320000 exceeds 10% of system memory.
2019-03-20 18:35:33.172229: W tensorflow/core/framework/allocator.cc:122] Allocation of 184320000 exceeds 10% of system memory.
2019-03-20 18:35:33.762800: W tensorflow/core/framework/allocator.cc:122] Allocation of 184320000 exceeds 10% of system memory.
2019-03-20 18:35:34.411644: W tensorflow/core/framework/allocator.cc:122] Allocation of 184320000 exceeds 10% of system memory.
1000000
start training.......
epoch:  1  loss:  19204.625244140625
epoch:  2  loss:  18923.7705078125
epoch:  3  loss:  18509.742919921875
epoch:  4  loss:  18603.401123046875
epoch:  5  loss:  18306.64404296875
epoch:  6  loss:  18017.084228515625
epoch:  7  loss:  15178.802612304688
epoch:  8  loss:  9852.07958984375
epoch:  9  loss:  9599.212524414062
epoch:  10  loss:  9501.328735351562
epoch:  11  loss:  9309.044677734375
epoch:  12  loss:  9241.990844726562
epoch:  13  loss:  9221.542846679688
epoch:  14  loss:  9192.735595703125
epoch:  15  loss:  9175.528198242188
epoch:  16  loss:  9165.051513671875
epoch:  17  loss:  9128.433715820312
epoch:  18  loss:  9116.473388671875
epoch:  19  loss:  9089.462524414062
epoch:  20  loss:  9081.17724609375
epoch:  21  loss:  9065.064697265625
epoch:  22  loss:  9047.392333984375
epoch:  23  loss:  9019.636840820312
epoch:  24  loss:  9001.894165039062
epoch:  25  loss:  8994.755249023438
epoch:  26  loss:  8981.93408203125
epoch:  27  loss:  8966.001708984375
epoch:  28  loss:  8930.056762695312
epoch:  29  loss:  8930.302001953125
epoch:  30  loss:  8914.625244140625
epoch:  31  loss:  8893.05078125
epoch:  32  loss:  8881.611694335938
epoch:  33  loss:  8863.837158203125
epoch:  34  loss:  8843.16552734375
epoch:  35  loss:  8831.490234375
epoch:  36  loss:  8814.197021484375
epoch:  37  loss:  8792.883666992188
epoch:  38  loss:  8778.6240234375
epoch:  39  loss:  8764.14990234375
epoch:  40  loss:  8765.513427734375
epoch:  41  loss:  8738.890869140625
epoch:  42  loss:  8702.170776367188
epoch:  43  loss:  8705.759643554688
epoch:  44  loss:  8702.27490234375
epoch:  45  loss:  8683.104736328125
epoch:  46  loss:  8662.297119140625
epoch:  47  loss:  8633.425170898438
epoch:  48  loss:  8627.737670898438
epoch:  49  loss:  8627.343627929688
epoch:  50  loss:  8607.747802734375
epoch:  51  loss:  8602.287353515625
epoch:  52  loss:  8574.142944335938
epoch:  53  loss:  8583.032348632812
epoch:  54  loss:  8556.532348632812
epoch:  55  loss:  8533.241088867188
epoch:  56  loss:  8533.598266601562
epoch:  57  loss:  8517.562744140625
epoch:  58  loss:  8489.525390625
epoch:  59  loss:  8506.958129882812
epoch:  60  loss:  8469.527465820312
epoch:  61  loss:  8457.254150390625
epoch:  62  loss:  8448.175170898438
epoch:  63  loss:  8441.310546875
epoch:  64  loss:  8418.87255859375
epoch:  65  loss:  8439.33935546875
epoch:  66  loss:  8395.464477539062
epoch:  67  loss:  8397.476928710938
epoch:  68  loss:  8383.60107421875
epoch:  69  loss:  8366.31005859375
epoch:  70  loss:  8354.046752929688
epoch:  71  loss:  8338.810913085938
epoch:  72  loss:  8335.1376953125
epoch:  73  loss:  8341.664916992188
epoch:  74  loss:  8319.47509765625
epoch:  75  loss:  8281.413452148438
epoch:  76  loss:  8323.573852539062
epoch:  77  loss:  8295.706420898438
epoch:  78  loss:  8279.986938476562
epoch:  79  loss:  8322.947509765625
epoch:  80  loss:  8262.045532226562
epoch:  81  loss:  8258.899536132812
epoch:  82  loss:  8259.896240234375
epoch:  83  loss:  8244.156372070312
epoch:  84  loss:  8274.31298828125
epoch:  85  loss:  8213.834228515625
epoch:  86  loss:  8190.0999755859375
epoch:  87  loss:  8230.150512695312
epoch:  88  loss:  8215.98046875
epoch:  89  loss:  8181.434326171875
epoch:  90  loss:  8171.7044677734375
epoch:  91  loss:  8156.55224609375
epoch:  92  loss:  8159.47998046875
epoch:  93  loss:  8180.4254150390625
epoch:  94  loss:  8112.036865234375
epoch:  95  loss:  8097.7725830078125
epoch:  96  loss:  8140.6153564453125
epoch:  97  loss:  8133.1737060546875
epoch:  98  loss:  8116.6812744140625
epoch:  99  loss:  8126.1639404296875
epoch:  100  loss:  8130.3948974609375
epoch:  101  loss:  8080.6826171875
epoch:  102  loss:  8093.828125
epoch:  103  loss:  8063.15087890625
epoch:  104  loss:  8141.90185546875
epoch:  105  loss:  8095.9111328125
epoch:  106  loss:  8055.675537109375
epoch:  107  loss:  8036.2237548828125
epoch:  108  loss:  8106.886962890625
epoch:  109  loss:  8058.0899658203125
epoch:  110  loss:  8041.859130859375
epoch:  111  loss:  8027.9327392578125
epoch:  112  loss:  8032.567626953125
epoch:  113  loss:  8067.173095703125
epoch:  114  loss:  8055.6309814453125
epoch:  115  loss:  8072.7611083984375
epoch:  116  loss:  7969.9600830078125
epoch:  117  loss:  8012.91796875
epoch:  118  loss:  8035.3009033203125
epoch:  119  loss:  8019.5687255859375
epoch:  120  loss:  7990.69091796875
epoch:  121  loss:  8019.8297119140625
epoch:  122  loss:  7987.3250732421875
epoch:  123  loss:  8026.1317138671875
epoch:  124  loss:  7965.42919921875
epoch:  125  loss:  7972.033203125
epoch:  126  loss:  7982.9791259765625
epoch:  127  loss:  7953.2144775390625
epoch:  128  loss:  7963.071044921875
epoch:  129  loss:  7936.1490478515625
epoch:  130  loss:  7930.1024169921875
epoch:  131  loss:  7980.835693359375
epoch:  132  loss:  7985.41650390625
epoch:  133  loss:  7950.3194580078125
epoch:  134  loss:  8007.0205078125
epoch:  135  loss:  7926.9033203125
epoch:  136  loss:  7955.3448486328125
epoch:  137  loss:  7939.751953125
epoch:  138  loss:  7988.2607421875
epoch:  139  loss:  7896.5919189453125
epoch:  140  loss:  7902.781494140625
epoch:  141  loss:  8016.358642578125
epoch:  142  loss:  7945.9229736328125
epoch:  143  loss:  7859.402587890625
epoch:  144  loss:  7946.844482421875
epoch:  145  loss:  7887.7724609375
epoch:  146  loss:  7916.1754150390625
epoch:  147  loss:  7942.187255859375
epoch:  148  loss:  7924.0758056640625
epoch:  149  loss:  7970.494384765625
epoch:  150  loss:  7935.6258544921875
epoch:  151  loss:  7890.6868896484375
epoch:  152  loss:  7888.672607421875
epoch:  153  loss:  7924.207763671875
epoch:  154  loss:  7965.7325439453125
epoch:  155  loss:  7873.5406494140625
epoch:  156  loss:  7881.1163330078125
epoch:  157  loss:  7911.7353515625
epoch:  158  loss:  7857.4622802734375
epoch:  159  loss:  7861.22119140625
epoch:  160  loss:  7943.03955078125
epoch:  161  loss:  7906.4683837890625
epoch:  162  loss:  7904.6788330078125
epoch:  163  loss:  7907.4443359375
epoch:  164  loss:  7840.7393798828125
epoch:  165  loss:  7935.5555419921875
epoch:  166  loss:  7882.035400390625
epoch:  167  loss:  7854.3914794921875
epoch:  168  loss:  7901.2403564453125
epoch:  169  loss:  7803.5230712890625
epoch:  170  loss:  7879.5731201171875
epoch:  171  loss:  7869.638671875
epoch:  172  loss:  7867.689697265625
epoch:  173  loss:  7857.68798828125
epoch:  174  loss:  7835.4501953125
epoch:  175  loss:  7811.6802978515625
epoch:  176  loss:  7869.423828125
epoch:  177  loss:  7826.505615234375
epoch:  178  loss:  7798.9376220703125
epoch:  179  loss:  7836.468994140625
epoch:  180  loss:  7785.5028076171875
epoch:  181  loss:  7788.76220703125
epoch:  182  loss:  7826.53173828125
epoch:  183  loss:  7818.00732421875
epoch:  184  loss:  7778.1563720703125
epoch:  185  loss:  7789.8599853515625
epoch:  186  loss:  7810.3206787109375
epoch:  187  loss:  7838.472900390625
epoch:  188  loss:  7785.8297119140625
epoch:  189  loss:  7830.6373291015625
epoch:  190  loss:  7799.067138671875
epoch:  191  loss:  7814.7442626953125
epoch:  192  loss:  7787.5684814453125
epoch:  193  loss:  7753.48095703125
epoch:  194  loss:  7779.3040771484375
epoch:  195  loss:  7860.3555908203125
epoch:  196  loss:  7849.203369140625
epoch:  197  loss:  7873.5770263671875
epoch:  198  loss:  7785.296630859375
epoch:  199  loss:  7767.79931640625
epoch:  200  loss:  7874.850830078125
0.951871657754
