WARNING:tensorflow:From /home/liu/DMTE/code/DataSet.py:48: __init__ (from tensorflow.contrib.learn.python.learn.preprocessing.text) is deprecated and will be removed in a future version.
Instructions for updating:
Please use tensorflow/transform or tf.data.
WARNING:tensorflow:From /home/liu/anaconda2/lib/python2.7/site-packages/tensorflow/contrib/learn/python/learn/preprocessing/text.py:154: __init__ (from tensorflow.contrib.learn.python.learn.preprocessing.categorical_vocabulary) is deprecated and will be removed in a future version.
Instructions for updating:
Please use tensorflow/transform or tf.data.
WARNING:tensorflow:From /home/liu/anaconda2/lib/python2.7/site-packages/tensorflow/contrib/learn/python/learn/preprocessing/text.py:170: tokenizer (from tensorflow.contrib.learn.python.learn.preprocessing.text) is deprecated and will be removed in a future version.
Instructions for updating:
Please use tensorflow/transform or tf.data.
2019-04-18 14:57:41.165201: I tensorflow/core/platform/cpu_feature_guard.cc:141] Your CPU supports instructions that this TensorFlow binary was not compiled to use: AVX2 FMA
start loading data ...
1000000
data loaded succesffully ...
start training.......
epoch:  1  loss:  19882.6962890625
epoch:  2  loss:  19735.163330078125
epoch:  3  loss:  19404.302001953125
epoch:  4  loss:  18090.1669921875
epoch:  5  loss:  13928.55517578125
epoch:  6  loss:  9595.312133789062
epoch:  7  loss:  8522.058471679688
epoch:  8  loss:  8412.236938476562
epoch:  9  loss:  8353.335693359375
epoch:  10  loss:  8226.424682617188
epoch:  11  loss:  8153.4774169921875
epoch:  12  loss:  8060.58984375
epoch:  13  loss:  8010.898681640625
epoch:  14  loss:  7975.94189453125
epoch:  15  loss:  7944.501220703125
epoch:  16  loss:  7911.1343994140625
epoch:  17  loss:  7892.540283203125
epoch:  18  loss:  7880.40966796875
epoch:  19  loss:  7853.5906982421875
epoch:  20  loss:  7841.1502685546875
epoch:  21  loss:  7827.9461669921875
epoch:  22  loss:  7810.9759521484375
epoch:  23  loss:  7795.176025390625
epoch:  24  loss:  7782.1240234375
epoch:  25  loss:  7763.5579833984375
epoch:  26  loss:  7748.935302734375
epoch:  27  loss:  7741.8475341796875
epoch:  28  loss:  7730.0716552734375
epoch:  29  loss:  7710.419921875
epoch:  30  loss:  7687.6319580078125
epoch:  31  loss:  7669.023193359375
epoch:  32  loss:  7661.2852783203125
epoch:  33  loss:  7650.830322265625
epoch:  34  loss:  7618.794921875
epoch:  35  loss:  7600.862548828125
epoch:  36  loss:  7575.144287109375
epoch:  37  loss:  7556.531494140625
epoch:  38  loss:  7540.6553955078125
epoch:  39  loss:  7511.996826171875
epoch:  40  loss:  7497.2698974609375
epoch:  41  loss:  7476.3212890625
epoch:  42  loss:  7457.8040771484375
epoch:  43  loss:  7440.56640625
epoch:  44  loss:  7394.794189453125
epoch:  45  loss:  7390.477294921875
epoch:  46  loss:  7364.810791015625
epoch:  47  loss:  7337.4716796875
epoch:  48  loss:  7333.068359375
epoch:  49  loss:  7304.2508544921875
epoch:  50  loss:  7281.430419921875
epoch:  51  loss:  7247.548095703125
epoch:  52  loss:  7240.8558349609375
epoch:  53  loss:  7223.1142578125
epoch:  54  loss:  7173.17333984375
epoch:  55  loss:  7201.9049072265625
epoch:  56  loss:  7144.2425537109375
epoch:  57  loss:  7154.00390625
epoch:  58  loss:  7122.111572265625
epoch:  59  loss:  7100.139892578125
epoch:  60  loss:  7061.861572265625
epoch:  61  loss:  7026.855224609375
epoch:  62  loss:  7042.307861328125
epoch:  63  loss:  6991.1302490234375
epoch:  64  loss:  6969.5489501953125
epoch:  65  loss:  6947.538818359375
epoch:  66  loss:  6944.955810546875
epoch:  67  loss:  6932.4957275390625
epoch:  68  loss:  6942.084228515625
epoch:  69  loss:  6919.3074951171875
epoch:  70  loss:  6878.845947265625
epoch:  71  loss:  6892.0029296875
epoch:  72  loss:  6883.72998046875
epoch:  73  loss:  6818.3277587890625
epoch:  74  loss:  6800.7447509765625
epoch:  75  loss:  6770.0799560546875
epoch:  76  loss:  6792.314697265625
epoch:  77  loss:  6798.4566650390625
epoch:  78  loss:  6765.0819091796875
epoch:  79  loss:  6719.430908203125
epoch:  80  loss:  6715.47998046875
epoch:  81  loss:  6743.0408935546875
epoch:  82  loss:  6753.9337158203125
epoch:  83  loss:  6697.9700927734375
epoch:  84  loss:  6643.02734375
epoch:  85  loss:  6687.569580078125
epoch:  86  loss:  6662.8505859375
epoch:  87  loss:  6626.19384765625
epoch:  88  loss:  6598.0499267578125
epoch:  89  loss:  6633.154541015625
epoch:  90  loss:  6581.6090087890625
epoch:  91  loss:  6532.8966064453125
epoch:  92  loss:  6589.3232421875
epoch:  93  loss:  6513.620361328125
epoch:  94  loss:  6543.080078125
epoch:  95  loss:  6525.8194580078125
epoch:  96  loss:  6560.198974609375
epoch:  97  loss:  6479.996826171875
epoch:  98  loss:  6599.1729736328125
epoch:  99  loss:  6564.26171875
epoch:  100  loss:  6478.6778564453125
epoch:  101  loss:  6486.5552978515625
epoch:  102  loss:  6463.9727783203125
epoch:  103  loss:  6421.0772705078125
epoch:  104  loss:  6447.563232421875
epoch:  105  loss:  6492.0020751953125
epoch:  106  loss:  6403.394287109375
epoch:  107  loss:  6400.3695068359375
epoch:  108  loss:  6425.283935546875
epoch:  109  loss:  6381.4681396484375
epoch:  110  loss:  6375.4022216796875
epoch:  111  loss:  6442.899658203125
epoch:  112  loss:  6317.9058837890625
epoch:  113  loss:  6431.2318115234375
epoch:  114  loss:  6385.89306640625
epoch:  115  loss:  6355.3160400390625
epoch:  116  loss:  6313.4366455078125
epoch:  117  loss:  6334.8917236328125
epoch:  118  loss:  6302.8289794921875
epoch:  119  loss:  6266.9783935546875
epoch:  120  loss:  6248.185852050781
epoch:  121  loss:  6217.036071777344
epoch:  122  loss:  6258.1558837890625
epoch:  123  loss:  6243.4522705078125
epoch:  124  loss:  6270.6151123046875
epoch:  125  loss:  6266.9647216796875
epoch:  126  loss:  6234.2125244140625
epoch:  127  loss:  6244.97802734375
epoch:  128  loss:  6180.57373046875
epoch:  129  loss:  6229.5040283203125
epoch:  130  loss:  6204.394470214844
epoch:  131  loss:  6205.6888427734375
epoch:  132  loss:  6183.304870605469
epoch:  133  loss:  6223.027648925781
epoch:  134  loss:  6188.312438964844
epoch:  135  loss:  6133.57470703125
epoch:  136  loss:  6082.561706542969
epoch:  137  loss:  6157.37353515625
epoch:  138  loss:  6146.830505371094
epoch:  139  loss:  6134.670593261719
epoch:  140  loss:  6171.468994140625
epoch:  141  loss:  6137.967834472656
epoch:  142  loss:  6101.304626464844
epoch:  143  loss:  6197.098876953125
epoch:  144  loss:  6061.472229003906
epoch:  145  loss:  6073.1834716796875
epoch:  146  loss:  6064.869934082031
epoch:  147  loss:  6098.36083984375
epoch:  148  loss:  6091.4874267578125
epoch:  149  loss:  6023.098083496094
epoch:  150  loss:  6105.208557128906
epoch:  151  loss:  6034.246154785156
epoch:  152  loss:  6061.43505859375
epoch:  153  loss:  6039.083801269531
epoch:  154  loss:  6003.40576171875
epoch:  155  loss:  6127.3411865234375
epoch:  156  loss:  6075.798583984375
epoch:  157  loss:  5989.8851318359375
epoch:  158  loss:  6056.381530761719
epoch:  159  loss:  6005.641174316406
epoch:  160  loss:  5987.986145019531
epoch:  161  loss:  5979.6717529296875
epoch:  162  loss:  5946.776306152344
epoch:  163  loss:  6018.457946777344
epoch:  164  loss:  5975.8724365234375
epoch:  165  loss:  6038.2694091796875
epoch:  166  loss:  5967.773498535156
epoch:  167  loss:  6001.970886230469
epoch:  168  loss:  5935.811828613281
epoch:  169  loss:  6013.483825683594
epoch:  170  loss:  5902.4188232421875
epoch:  171  loss:  5990.8721923828125
epoch:  172  loss:  5993.182678222656
epoch:  173  loss:  5897.9444580078125
epoch:  174  loss:  5892.640625
epoch:  175  loss:  5895.041259765625
epoch:  176  loss:  5898.507141113281
epoch:  177  loss:  5941.9786376953125
epoch:  178  loss:  5908.104675292969
epoch:  179  loss:  5973.498718261719
epoch:  180  loss:  5853.1544189453125
epoch:  181  loss:  5851.859558105469
epoch:  182  loss:  5867.331726074219
epoch:  183  loss:  5905.591552734375
epoch:  184  loss:  5906.4866943359375
epoch:  185  loss:  5903.939270019531
epoch:  186  loss:  5910.754455566406
epoch:  187  loss:  5901.388671875
epoch:  188  loss:  5792.1163330078125
epoch:  189  loss:  5897.25439453125
epoch:  190  loss:  5857.583557128906
epoch:  191  loss:  5863.4959716796875
epoch:  192  loss:  5848.36572265625
epoch:  193  loss:  5842.6239013671875
epoch:  194  loss:  5847.827392578125
epoch:  195  loss:  5831.349914550781
epoch:  196  loss:  5797.888916015625
epoch:  197  loss:  5845.643981933594
epoch:  198  loss:  5840.411437988281
epoch:  199  loss:  5874.083984375
epoch:  200  loss:  5838.5426025390625
0.893696516813
